[[Problem 2 (SeparableEllipsoidal) | global minimum is 26.9100]]
[   explore   | run 1/1]  181534/500000 iterations | minimum: 39.52137, distance: 12.61137
[ refine best | run 1/2]  1001/20000 iterations | minimum: 39.52137 -> 39.52137, distance: 12.61137 -> 12.61137
[ refine best | run 2/2]  2501/20000 iterations | minimum: 39.52137 -> 39.52137, distance: 12.61137 -> 12.61137

Problem 02/24 (SeparableEllipsoidal) optimized in 709.1291 seconds.
  Minimum: 39.52136614542664
  At: [-0.8097178835868339,-0.8522848650801722,0.5104658027647258,0.14456648430831195,2.151297276992487,2.4421726442646947,0.6469305693997414,-2.9943124291488834,-0.020002251270969336,3.094143429876154,
-2.0295399253437876,-1.1763164452517925,-3.4362596173440045,1.1483875057030026,0.7889762507725104,3.8424044010283396,1.1919327974800793,-2.0019640604609585,0.4906760894725805,1.3029749183751607,-0.94847
14580013718,3.3200024368692613,2.3565119078863725,3.870262128785056,1.0504722384171281,-0.2226304807050821,0.8726922882281445,3.9790381625703226,3.1951717409644975,3.115262295590572,3.512163785464692,-2
.7663871887878666,-3.5919974702643653,-2.802418477342447,-1.0088261142990396,-1.849571025906372,2.937611021975755,0.8831933149678777,1.1583994787405973,-1.3991835358659295]
  Distance from global minimum: 12.61137

[[Problem 24 (LunacekBiRastrigin) | global minimum is -1.3300]]
[   explore   | run 1/10]  3744/10000 iterations | minimum: 180.86505, distance: 182.19505
[   explore   | run 2/10]  2100/10000 iterations | minimum: 420.38352, distance: 421.71352
[   explore   | run 3/10]  2687/10000 iterations | minimum: 261.23285, distance: 262.56285
[   explore   | run 4/10]  1009/10000 iterations | minimum: 382.61786, distance: 383.94786
[   explore   | run 5/10]  6808/100000 iterations | minimum: 292.08150, distance: 293.41150
[   explore   | run 6/10]  1101/10298 iterations | minimum: 232.64152, distance: 233.97152
[   explore   | run 7/10]  2312/10313 iterations | minimum: 249.27007, distance: 250.60007
[   explore   | run 8/10]  1363/10812 iterations | minimum: 327.62834, distance: 328.95834
[   explore   | run 9/10]  3058/9421 iterations | minimum: 276.39144, distance: 277.72144
[   explore   | run 10/10]  3023/91606 iterations | minimum: 265.53952, distance: 266.86952
[ refine best | run 1/2]  1001/20000 iterations | minimum: 180.86505 -> 180.86505, distance: 182.19505 -> 182.19505
[ refine best | run 2/2]  2501/20000 iterations | minimum: 180.86505 -> 180.86505, distance: 182.19505 -> 182.19505

Problem 24/24 (LunacekBiRastrigin) optimized in 749.0418 seconds.
  Minimum: 180.86504579446623
  At: [1.7459769427051532,2.072154906220936,-0.8390557106412434,1.6853689600413277,1.1892100740708513,-1.510178289129231,2.4496889731903684,-0.2158663843328024,0.4138911311955081,-1.0549034007611235,1.1
582761220040998,1.5577347446621943,-1.09023821764466,-1.288581337263141,-1.9435749907995072,-0.5507594592432526,-1.2369361283227687,-0.03463896445417688,-1.0135451585547095,1.1417091365256746,0.42382657
91338512,0.789748399764296,-2.296454725130641,1.3482053818495658,-1.6376984742243033,-0.19405548708837425,0.6369110897662272,2.1043127323297504,-0.5952055297024951,-1.4248436168665055,-2.712198525537477
4,0.20409593209183116,0.7823721334600107,-1.622660147292448,-0.4018690762347688,-0.5280491548261621,-0.35382627602826,-0.36437405602583384,-0.9633875579451605,-0.972182673643289]
  Distance from global minimum: 182.19505