[Problem 01/24: Sphere] - 2000/2000 iterations, 6.1757 seconds
  Minimum: 21.100202678082155
  At: [3.983753671190839,3.752300004642848,-1.8151027442322363,-3.1611084657445336,2.889266098331219,2.2658562420527626,3.444893714065975,-0.7163260230362999,2.654643974227163,2.6467671307602503,-2.6205681201982673,-1.9108486855692375,-1.637470930816295,-1.5114984966591667,1.2320382440124946,0.2565627752518791,-3.406738489851903,3.0979971053076913,1.8081014893497296,1.6875862055265394,-1.4816729256664902,-0.5862709812220007,3.207114658687641,2.4390038098434124,3.8303661667823348,1.0429173915897247,2.6521023438857547,-3.0144603444923272,-0.6497214553226148,3.5230067983600972,-2.24636034355305,-1.407088488866441,1.3212184419300839,3.2199144457538496,1.7511562645035355,3.7005435624816663,-3.7765895889342502,1.3917115247138403,2.1199837843221827,-0.4734657100144095]
  Distance from global minimum: 0.00020

[Problem 02/24: SeparableEllipsoidal] - 2000/2000 iterations, 43.2150 seconds
  Minimum: 6867.877743866557
  At: [-0.29835988296763727,-0.3249251942111736,-0.6359801328269573,-0.17799004659184836,1.241355804035521,0.745522006416014,0.4367198813769186,-2.4941617959298346,-0.17261160410873386,0.5488284634674813,-1.211296327682719,-0.07236960639238726,-1.0082624927334083,0.34104166761411414,-1.0083455816385996,0.7674708600029387,0.9631822388483081,0.40770995384286096,0.06510022565287865,0.7831249806388956,-0.7000332060110784,2.717940462166319,2.3544576461059528,3.805922823563491,1.0484133810880303,-0.21401897929868152,0.8662876682495939,3.974123311863979,3.189027885161741,3.106071246269648,3.509735706567188,-2.7666326613633268,-3.6006225505628313,-2.8020073464875543,-1.0083707566970224,-1.8471368714971785,2.9370851799393027,0.8852983350138554,1.1590656611766026,-1.4003891712675538]
  Distance from global minimum: 6840.96774

[Problem 03/24: Rastrigin] - 1186/2000 iterations, 116.4678 seconds
  Minimum: 930.628269398844
  At: [0.5522884845757866,-0.8698402310793182,0.18068609119380835,-1.060983404701673,-0.03249867535901135,-0.8297202752220041,-0.4897553241888107,-0.1662170976317443,0.6849789128281467,1.6146085424780428,-1.8345074512417148,-1.5794192942275989,1.109531142771829,0.7795750151578577,-0.4435277548763474,0.16420055365406702,-1.7886133959684227,0.4628920326902506,-1.2844139360552436,0.695713773933182,-1.056209673628269,-0.7182317693748694,-1.436218631539216,-0.34843195835996377,1.5740609025230181,0.398837590889179,0.12653855345161596,1.246119101049271,0.39003919357720623,-0.5031509786244379,-0.6113554438996186,-0.32601330597704287,-0.09712346641852082,-1.6077998161433378,1.06090937563007,-0.6759785763560164,0.740502105438279,-1.3900737268280992,-0.9259927086874443,-1.6151407099058959]
  Distance from global minimum: 619.02827

[Problem 04/24: BucheRastrigin] - 1189/2000 iterations, 93.0780 seconds
  Minimum: 804.2988096966819
  At: [0.5476322291712539,0.13661083019820597,-0.05677927684683648,-1.0541490931053015,0.9646890571313567,0.09098475483539621,1.0407669008137377,-1.951738175593389,2.5373572519033547,1.6642969517332753,-0.34167567312719554,-0.8088669434906092,-0.03596372529488286,-0.009013656699666622,-1.4854477203500889,0.15709168245842828,0.47736352338444904,-0.31520581800440645,0.16329300035358293,0.0321754808099328,-0.14181639653145606,-1.328097631849283,0.9394256678871518,-0.9626173392766859,1.012210935482758,1.3555571688475325,-0.33222265623598624,0.3204264937380506,2.1796275246251913,0.5580178545808552,0.10428738735563496,-0.9899130252925106,1.3983764862674217,-1.94718210515325,-0.8404762212509949,-1.0278379302590546,-0.5266716221899853,-2.096714167818402,0.6854155761729962,-0.7434368705246808]
  Distance from global minimum: 492.69881

[Problem 05/24: LinearSlope] - 501/2000 iterations, 15.6395 seconds
  Minimum: 429.9692058473471
  At: [-2.8680460772155465,2.246389915164152,-0.021499732670610783,-1.9838048744490195,4.0189944938699895,0.3165123820890905,-3.570165159476521,4.251895795820127,4.000247727212205,1.8389177661653369,4.7842173305658005,-0.6840856857278279,3.098070358060765,3.9927180668090845,-0.1506440725317839,-1.8672701949080746,1.1318667377565452,0.5350900194476846,3.905230213863968,0.31555375568701827,-0.23288639799523736,-4.107174292395599,3.255352652203408,-3.9979575346088048,-2.3340977891718913,-0.13923339327705797,4.313500497153761,1.1429088673969092,4.631127265145892,-2.283276351775076,-0.4215252563489065,4.592327861304781,-2.586222888182905,3.5804754242854795,-4.027486217555505,2.338056841439365,-1.3045837458927485,-3.9379745670137067,-2.8839879796638663,4.874063406737642]
  Distance from global minimum: 478.43921

[Problem 06/24: AttractiveSector] - 2000/2000 iterations, 24.7854 seconds
  Minimum: -55.276547292379526
  At: [2.276504928070764,2.9585519478792865,1.7357694893129978,-0.4161526020200825,1.868362381032995,-0.8380915537230894,2.0377610247284506,3.309727130385132,1.9962302833896395,-2.4224598306126763,2.551462269729892,-1.5226456303917422,0.528912741119745,2.1846510750761734,-0.8454571311005624,-1.1892005555736533,-0.7689413338906393,2.1341366925508107,-2.0575492466592156,-3.8589902274483934,1.0272536775665808,0.5525821636946693,-2.4189789580774823,-0.3786442505083575,2.0966060546909926,-1.073307555310314,-0.4076302605419882,-0.9887645220141021,-1.1923336342301905,0.11012768311910025,-1.746035736949001,-2.5548379759896256,-1.1837513240734603,3.56134390960394,-0.01817317748239093,-0.21166059760691902,-2.8160773190077646,-0.030366390273440465,1.7323738597900735,-3.2606854257833584]
  Distance from global minimum: 36.08345

[Problem 07/24: StepEllipsoidal] - 658/2000 iterations, 23.6907 seconds
  Minimum: 1150.4865270306407
  At: [0.024288303556171807,1.7119414935881556,-2.3970196423384826,1.23074729133219,-0.4385197824083428,1.8401847717320168,1.5596861105230055,1.7297041157506396,-1.4305511503831254,-1.4510045065423884,0.513655847750148,-1.5738882638385074,0.11995222653077105,-0.02832573743697629,-0.09333709401119576,-0.5807158379539366,1.4964028186611231,0.8202132892959394,-0.4555561530645873,-2.22150319873676,-0.00015767610589274318,0.5242084788647339,2.0322921990173692,-0.20925700545250725,0.18552029119216992,1.533453758979795,0.3508715321473657,-0.9522301882285704,-0.954927017598371,1.4358480085111558,-1.356405058188525,0.9428146623978682,1.1712815750246839,2.7537813402193545,-0.2498797304885265,-0.5370165447883086,-2.1933606337763925,0.20776634212103307,-0.19231192420250226,0.9269786787919261]
  Distance from global minimum: 1117.99653

[Problem 08/24: RosenbrockFunction] - 2000/2000 iterations, 13.6991 seconds
  Minimum: 158.85663669946408
  At: [-2.118993864629848,-0.6797810483772966,-0.4488744995729615,2.2682283585160183,0.8045005400153985,-3.046441325975503,-3.8658639581180014,-2.599624945885714,-0.1942109757243609,2.0090810468598574,0.35426268183533144,-1.5339377222847115,0.1490965225439061,-1.784074257140033,-2.0805868206172327,-1.981278546869095,1.9848636299566331,-1.0693961451214808,-0.5755342327043049,-1.2055219235631258,-1.6746804206619614,1.1266369989618803,-3.085816568083965,-2.197547675119293,-2.2510899267592492,-0.6817546854618679,-1.870474428285595,-0.09443174043346357,-2.039791086282323,1.8117646068851556,0.15043341972599625,-2.133309442818098,-2.3836051168532038,-3.5441028129459267,-2.517375872449548,0.8682409262710583,-2.1680484618854274,0.10236001099864277,0.10833190243907423,-0.30532263202964627]
  Distance from global minimum: 87.25664

[Problem 09/24: RosenbrockFunctionRotated] - 2000/2000 iterations, 31.8357 seconds
  Minimum: -333.29411302258086
  At: [0.2942095326085999,0.4960120916078552,0.5606248620223176,0.30114586005832367,0.38650727789211453,-0.6998897179381011,0.08621616783791722,0.1640149561776549,0.4985443082997561,0.8388346314820728,-0.6539132543228136,-0.36861103874185924,0.1970707563146291,-0.14253437523694362,-0.6923164842543857,0.17599962708900815,0.45916414874636396,-0.2825718090746135,0.473357246012336,-0.8699910085334002,0.8096570109495284,0.331813588096682,-0.22800133915625356,0.21871656342551038,-0.3122603261906164,0.29102898937814026,0.2558603980406689,0.6442114662556463,0.169436922430021,0.45126718219823125,0.03291132766136457,-0.6471799488022906,-0.32833139356846464,-0.13620569630208193,-0.23057813291630008,0.4162906494578963,-0.3945885244502344,-0.2210862009589149,0.9605272504381395,0.5776056515804149]
  Distance from global minimum: 23.40589

[Problem 10/24: Ellipsoidal] - 2000/2000 iterations, 46.0593 seconds
  Minimum: 1613.6041055943635
  At: [0.452592263873017,-2.489328163647414,0.6003591198511031,-0.673591234638545,0.15046193625216822,-1.5179361283783652,-0.8588924509096816,-0.742692703116769,1.9751011629550947,-2.1528365643669622,-2.623131086507281,-3.826754365229575,1.259205416317264,-1.3247846226541495,-0.9887828664285775,-2.6517748199327364,0.3951848438942074,2.3324739186841867,-0.3373825447806845,-1.5527151582567351,2.1516622298242023,-1.8491116692554561,-2.9181298482505977,0.2617957045485275,-2.280498186582884,0.8011963108390114,1.5376222536170614,-0.6948260991606238,1.0573944416052978,2.8892559829643174,-1.0776675146851729,0.16813965172482193,-0.7293609126065717,3.0921890989403287,-2.1623144346230765,-2.4428563992560273,-0.37822548953425766,-4.079017660602243,0.6989810452682578,-0.09559312202024102]
  Distance from global minimum: 1562.57411

[Problem 11/24: Discus] - 2000/2000 iterations, 67.6167 seconds
  Minimum: -54.50260970126984
  At: [-0.365007381148629,2.6451412203791786,1.0652770955265634,0.43957967871586623,0.2150642500261791,1.9074963576778134,-0.967390336719802,1.0721737606051471,2.0787473665255787,-1.0611766769119522,-0.953866919680715,-2.646837352936722,-1.5823051568893662,0.7469853217665783,1.5050690929002832,0.7136250563973413,2.968661103181239,0.33344274000458785,-2.1634000954558,0.8351312025184435,1.453235558810478,1.7948376443619984,-0.02293499729663781,0.30968364374072843,1.8433860912160729,0.95242807238471,-1.585625978581554,1.8557649930308844,1.0112570320986787,-1.320448065779848,-3.788266071642708,-0.5412513099807802,-0.7750512263285346,0.36669239019678435,1.9549533233028467,-1.962277132391083,-0.5833039117645835,1.2981091961568028,-0.4386680486610979,1.0317962191592567]
  Distance from global minimum: 42.14739

[Problem 12/24: BentCigar] - 2000/2000 iterations, 32.9156 seconds
  Minimum: 715.044150320743
  At: [-1.8211324610032416,1.6036168015264587,0.1500667639124095,-2.4588752204459494,-2.336336659051702,-2.308882697021093,-2.643402500153204,-1.9699219359138607,-2.3773866171812728,3.6199352184307285,-0.7514587009862285,-0.4495405830144057,2.0235707004232326,3.9196791953540706,2.860644665332274,-2.1552023339688207,0.4066535025739018,4.030232312267621,-1.3760759355720096,-1.584482180319152,-0.20012094509890904,1.7709819492010583,-0.01182066764392465,-2.7296049529009068,-1.051900411633979,-3.335599028012118,2.7000412845856845,2.945219683279888,-3.038928198905548,0.48601412661358073,-2.454574137987985,1.395870521436869,0.6886378777343185,-2.9982741046381918,-0.8978315873072775,3.3530971075965255,2.684274044539645,1.0730629762821535,-0.004062799835001724,3.10315912103947]
  Distance from global minimum: 161.65415

[Problem 13/24: SharpRidge] - 2000/2000 iterations, 9.6611 seconds
  Minimum: 249.36509172653248
  At: [-2.3731255951655923,2.0718990052956188,2.148149379987299,1.7976156937689711,0.9412554524681931,2.964935454983214,2.941131290781313,-0.657066483126008,2.8676938452756096,-3.3815522050110345,-3.619242327607208,2.7731476884405337,1.8688818433631245,-1.274545665019196,1.914570168285483,-1.6024399502962918,-0.025955245336254505,-2.2164120109378147,-2.5011379765409667,3.594496908091759,1.453818103930091,-0.04605307866307087,-2.648336415865477,-3.822330061394437,0.04319641790556452,-3.9229705199746085,-1.4428508417941437,-1.9454730487864988,1.3326695998733742,2.0720796682807623,-1.496320003564687,-2.1613383912092616,3.732297276058816,-3.224949474702513,1.6006381083529397,3.348879344940853,2.3146046675786542,2.1234653328408295,0.8705612099653836,-1.250675606920534]
  Distance from global minimum: 239.48509

[Problem 14/24: DifferentPowers] - 2000/2000 iterations, 13.8628 seconds
  Minimum: 405.53223137317946
  At: [-3.619915480864924,-0.8372986232912122,-3.047199235244967,-3.2252082376565703,1.8156452199612092,-0.6382497976448113,-3.5243552324451017,-3.465891994564852,-2.5117744601994603,2.63527157820885,-1.8085048523317822,-3.863786119935896,1.0993690214184613,-3.0763834321309655,-3.3117903579453825,2.9567044744855,-0.3860728576074413,-3.627850877783636,-0.43315607530219336,0.29680784812265476,1.663646182005261,-0.6241201170328847,-2.4419675999923602,2.3712600811157087,-1.3546189767939276,0.09823263737113397,1.6551399068549975,-2.12999272704959,1.9207190272395223,1.8292457817175969,2.4907369635856647,-3.1126466294779283,3.881107838491426,2.232771384776068,0.9906613901990278,-0.735192414131462,2.022460292003325,1.7758209090846047,0.2723576596481468,-3.1743394729204066]
  Distance from global minimum: 0.06223

[Problem 15/24: RastriginMultiModal] - 1577/2000 iterations, 149.8149 seconds
  Minimum: 853.4421271389241
  At: [0.7521845766874754,0.08538982158815854,-0.9579516073530564,0.9691767494396061,1.107973934164672,1.5347365887558242,0.3780475529072754,-0.7882094976325837,-0.19527010294836483,1.697529943440889,1.1101271903059684,0.24886343425843382,-0.5182205268740124,0.0037071585082965493,-1.5593030949551556,-0.24908997979352204,1.2732702884299258,0.3009930800759448,-0.9571972648960471,0.6157548962312752,-0.9412794545287343,-0.7059775024419052,0.7258824227062144,0.7449626847829495,1.7018972456653174,-0.6130626111012345,-0.4134707139804889,-0.30665095262419795,-0.7774641342627742,0.04913003037467274,-1.2880479824658289,-0.5786325274997518,-1.4649774216366855,-1.3553638815071907,1.3555143862076489,-0.7148073810364718,1.7116991303922902,-1.1347046686514732,-0.07112484254045699,-0.20382618493331098]
  Distance from global minimum: 789.19213

[Problem 16/24: Weierstrass] - 1149/2000 iterations, 136.6836 seconds
  Minimum: -16.12838714428197
  At: [-0.37491576242147956,-1.3015235783088714,-1.065328121782715,-1.6631815689982918,-1.30777280310903,-1.710413777171421,1.203075817528398,2.4778208739986964,-1.4734675659651193,1.2782987727240736,-2.813707650902203,-1.3675916011476221,2.253614397119727,2.22119141944262,3.051922702460871,-1.0521295567200273,-2.70843088375465,0.16165487754264077,-1.7446548904284584,-0.11671128406313284,-1.0063167837283935,0.07433245476274317,-2.74002290914818,-3.1044804457270336,2.2071838850611267,-0.13223047984160705,2.4160052754301766,0.5151148216576683,-1.3054463488955073,1.0220273996366158,0.7533650261487639,0.23875807552242384,0.91883748680081,-2.7127428505980413,2.6322683151286603,-0.23001767650089483,0.7234543154001503,-1.087083376429822,-1.7898547754792136,-1.4999919371642696]
  Distance from global minimum: 27.15161

[Problem 17/24: SchafferF7] - 2000/2000 iterations, 161.4272 seconds
  Minimum: 233.86027255369189
  At: [0.6708090765093977,-0.5011031000262646,-0.05851580587380853,-0.6864072669984335,0.47463675634952246,-1.3563340695988253,-1.2592412258179098,2.232868037132459,0.6441074563415679,0.14666696161326861,0.5004662258503738,-0.9169107869586777,-0.9595444732569677,-0.12392712511662678,0.8086726456481922,0.10865583353181138,-1.0359518272836676,-1.240030095753036,-0.8097380101199368,0.7467546397802527,-0.22673047843655061,-0.10021629348330632,-1.037903989651498,0.6442148142439725,0.27897004370652784,-0.1478099118194217,2.0957868633419423,0.6652889323720728,0.8013300580598879,-0.40060096542689894,0.0273743124055141,0.8244922314312628,-0.046850343347768955,-2.3266765374106217,0.9346693269420294,-1.0577396954727023,-0.45555539214035756,-1.7250577768237465,-1.1928082182377666,-0.6827025774854428]
  Distance from global minimum: 6.35027

[Problem 18/24: SchafferF7IllConditioned] - 2000/2000 iterations, 157.3453 seconds
  Minimum: 253.60820041369465
  At: [0.366137973614494,0.26257953716168875,-0.5842545896615897,-0.349928968445039,1.0574941232819477,0.2287280961157638,0.1682882833032344,1.8424214753972123,0.29105115135830545,2.508651042919265,2.6900532567459527,-0.7728179872023622,-2.081307016950579,0.07682135582426976,-0.8640395596608721,1.9371477844990268,-0.9050955237199346,-2.4478778453472,-0.9239915487347167,-0.010565167431162713,-0.17956274458010357,0.16631620675373252,-1.9088390949965341,-0.047051092065594095,1.66319596586038,0.084404439313358,1.267191708066047,-0.6304055190421252,0.30564704771719464,1.0486615298466682,0.8694157808992176,2.5665335884345146,-0.7686366984040387,-0.5896514592527808,2.5704292373928506,0.40887979923582946,-0.24130283761155977,-1.7416015872359083,-1.582456263557165,0.2590648950575714]
  Distance from global minimum: 26.09820

[Problem 19/24: CompositeGriewankRosenbrockF8F2] - 1427/2000 iterations, 25.6321 seconds
  Minimum: 76.65766912775989
  At: [-0.3773602049515985,0.6595955465402954,0.9706405774091873,0.31608614552656966,0.8360636998185985,-0.43471011772249074,-0.29389695130071697,-1.9950983822485688,2.021288834012791,1.607336267200412,-1.0117064667674243,-1.269318045132695,0.6348969801507746,-0.22152569926926619,-0.2045804390013418,-0.09751875490619208,1.5957688853719558,1.8021940576560476,-0.3106340616771669,1.088344155572539,-0.38815489273612075,-1.3558493141812025,1.603837072920824,0.8451034181111857,0.8998102930452936,0.3304700920370549,-1.0453096568700273,2.2102799423569266,-1.098348258684229,-0.6724818688855752,-0.766713246901143,0.6470175651858853,-1.856842367253557,2.3602932856593415,0.057028025069781996,-0.757985208291872,-0.044243490193554724,0.0037357482082100934,-0.1450980837392223,-2.3793062288419877]
  Distance from global minimum: 3.59767

[Problem 20/24: Schwefel] - 1618/2000 iterations, 47.2961 seconds
  Minimum: -121.45594815039843
  At: [0.3359090326977565,-0.10061818078022167,0.9640902729293367,-0.9033230472949844,0.3990399279595741,0.4259896746582188,0.5014854450809586,-0.9332865558514335,0.7500286688864902,1.635630910361267,0.04140524733984867,-0.7092080896163556,0.8395637311595253,0.04035844549613042,0.2439532559432529,0.386092956282463,1.0349549593480003,0.7378466411852952,0.8578933075899279,-0.341150584472673,-0.552135372737366,-2.5047193781675925,-0.3991357478652872,0.8807562798773092,0.6183305066238419,0.7510684327910441,-0.3056230804243965,-0.47842374396544524,-0.49624216529428045,-0.9709877574875565,0.49011679215726434,0.663888310137517,-1.6053955290734279,1.203165375269699,1.0097822249734645,0.7399333643035149,0.8553856009139993,1.1975308377998548,0.8319780743662641,-1.2828188424159188]
  Distance from global minimum: 2.35405

[Problem 21/24: GallagherGaussian101MePeaks] - 2000/2000 iterations, 24.7689 seconds
  Minimum: -42.455733408773746
  At: [-0.29646218947889225,1.15663428294594,-1.8572676006386708,-1.5755621137244409,4.222374397161256,-0.9669603357446458,-2.290714330573534,-3.970007788845739,0.3994467571638096,2.0660446056848647,-1.6529946903336359,-3.478227446912312,-1.8958308101420105,-1.8328933469946345,-4.724259158677847,-1.880021158482637,2.041319656854222,1.3115560415616294,0.03400886746062113,0.6173509207550218,1.8819712589054627,-3.239727787110625,2.6162100956137015,-0.032837207591331026,-4.609892558710352,-1.8274392580228038,0.2873262236209949,-0.7263917901982343,-0.16725147008739025,-4.8570378068814675,1.5560549094770149,3.4906356796043028,2.4094392629400443,-2.4586939017626306,-1.2952635671421324,0.5837169571461813,-2.0512766059157674,-1.6732446064676278,-2.3804274451559766,2.250539995142884]
  Distance from global minimum: 1.96427

[Problem 22/24: GallagherGaussian21HiPeaks] - 2000/2000 iterations, 12.1824 seconds
  Minimum: 224.9908758444092
  At: [-1.8741840196690265,-3.2114053344506863,4.097800724358528,-3.176744722814682,-4.141530774604409,-0.26007613313148037,0.2506145313799259,0.9045560194370382,-0.07300485575747406,3.1688173950781264,0.9091681247452666,0.47197595150097127,0.5625245751479452,1.7169100781982956,-2.395379248325254,0.3080004988129229,-1.4257980984551004,0.09749510849489348,1.8997888882766885,-1.2206748934876945,0.6420192500178494,-1.9178167549636032,-4.50633452099942,3.5445878007471965,-0.09875699746686895,-0.11470510829313665,-1.9203597161886525,1.8649329137206359,-0.9679674698485038,3.404511509594597,-2.34265169339837,-3.7475782619668134,2.2050037800790587,2.9620700020900803,2.9511905511448946,-1.0114402566328315,1.0619590724521935,-4.502986044476581,3.788987438253289,4.120471871230229]
  Distance from global minimum: 2.89088

[Problem 23/24: Katsuura] - 1556/2000 iterations, 442.7799 seconds
  Minimum: -999.0128202188166
  At: [-0.1964793935828007,0.4620232621436465,1.4075257034793187,0.1977783506695029,-0.5357000322663515,-0.4857895112722205,0.4752233948283356,-1.9704689530417394,2.415131518062526,1.3524460690939593,-0.5266363196872648,-2.14849711737976,1.4147819547167317,-0.3466828436180173,0.14619612612413002,-0.4125885557512216,2.2667992469909133,0.6200637743204607,-0.1921507689640484,0.8350112279561307,-0.2910671725191022,-1.0615417108325806,0.3385692882593044,0.2967111185041957,1.4306662141314694,-0.8387655407368865,-1.050388410202354,1.3407237944303467,-0.9606380779316417,-0.27253720229462486,-0.9840441815631484,0.0037531955877485035,-0.370535939023069,2.5602626316548247,0.036908227773203524,-0.32439041212177866,-0.11325409941800214,-0.45603380517143455,-1.3831425500265855,-1.903718001007245]
  Distance from global minimum: 0.98718

[Problem 24/24: LunacekBiRastrigin] - 1269/2000 iterations, 64.7838 seconds
  Minimum: 373.4845085058509
  At: [-0.6204710235736011,0.12291327323382772,1.5429953995789947,0.39145052090408367,0.38366118222636114,0.29357148871473565,0.2345875685855207,-2.1125004665455274,2.3716460146757474,1.3601501521399637,-1.0352186534024412,-1.292807530807626,1.0305066428132008,0.5288429431669858,-0.555795008209957,-0.011598465286758031,0.5739596604942943,1.932972392947874,-0.3592094283038421,0.7990574170528865,0.04136193602830516,-1.77243788830204,1.5752617261415451,1.2854873872239212,0.4722978269877112,0.9307399710149311,-0.9181727057399415,1.5841625638655419,-0.6333718591475114,-1.0273989908455852,-2.2151666220154924,0.46155506542546654,-1.8159923014943382,1.14192414098128,-0.0646886563198495,-1.475016527527129,0.25628049219803056,-0.4348842370448228,-0.3855624633595273,-2.445553978136874]
  Distance from global minimum: 374.81451


-- Finished all 24 problems in 1761.4354 seconds --
