-- Running firefly optimization on all 24 problems. --

[Problem 01/24: Sphere]
[run 1/5]  4658/15000 iterations, minimum: 21.10006
[run 2/5]  766/15000 iterations, minimum: 21.22160
[run 3/5]  2090/15000 iterations, minimum: 21.10725
[run 4/5]  1766/15000 iterations, minimum: 21.10091
[run 5/5]  15000/15000 iterations, minimum: 165.43129
  Optimized in 28.0754 seconds
  Minimum: 21.10005571111756
  At: [3.986220621309192,3.7572345438340546,-1.8195442108297182,-3.1612590134033147,2.8879032447408792,2.2636000135913186,3.4437907910738983,-0.7110430580370453,2.6550414125301574,2.64224767419051,-2.617875772662078,-1.9108700233014906,-1.63837481240036,-1.5097101676379687,1.2343604970535447,0.2536991746775984,-3.408940791933314,3.0965195836548958,1.8118322531898203,1.6883489349120802,-1.4830518229142298,-0.5883469896832811,3.2002016105630817,2.4437483118971266,3.8297166264265385,1.04464552278822,2.6455993187068776,-3.0180662400755787,-0.6506137794430582,3.5259467537106097,-2.2433765919933464,-1.4065408059184101,1.3210975710039519,3.221119937675474,1.7506913175241796,3.6996518807141636,-3.77232123511479,1.393935226606371,2.1204293931877376,-0.4735202692716193]
  Distance from global minimum: 0.00006

[Problem 02/24: SeparableEllipsoidal]
[run 1/5]  6393/20000 iterations, minimum: 630.81328
[run 2/5]  1825/20000 iterations, minimum: 18227.21549
[run 3/5]  4403/20000 iterations, minimum: 2603.03585
[run 4/5]  7089/20000 iterations, minimum: 903.92720
[run 5/5]  20000/20000 iterations, minimum: 2397071.35724
  Optimized in 87.1176 seconds
  Minimum: 630.813280478727
  At: [-0.13586492955196006,-0.1039558366067375,-0.37149592958726413,1.61775604880929,2.30594155788033,0.8820344135645235,-1.0902942385303722,-1.6009921640076263,0.3110500191924455,0.3036013995043666,-1.3084373583381848,-0.4221336533351438,-1.824541645977689,1.0604487681958195,0.450224741838613,3.312821236090735,0.9230837944882334,-1.8684461166588913,0.5026198079606061,1.3365025781820508,-0.9769542250995135,3.3235675542623966,2.365624023958861,3.876784387130203,1.0412331458983837,-0.22154484404193814,0.8682383699104569,3.982319448271671,3.195410129476468,3.1184304123227653,3.512301617955982,-2.76975536781513,-3.593017681779615,-2.8025338159402065,-1.0077056518713987,-1.851392918217557,2.937112920537434,0.8830228473357363,1.1582320490612024,-1.3991887974070585]
  Distance from global minimum: 603.90328

[Problem 03/24: Rastrigin]
[run 1/5]  1773/10000 iterations, minimum: 1055.85921
[run 2/5]  1031/10000 iterations, minimum: 998.03742
[run 3/5]  2797/10000 iterations, minimum: 871.99027
[run 4/5]  1486/10000 iterations, minimum: 914.40587
[run 5/5]  10000/10000 iterations, minimum: 827.97685
  Optimized in 79.2368 seconds
  Minimum: 827.9768494636802
  At: [1.5493881942950043,0.0921414040455986,0.1801040241460233,-0.40686351879000154,-0.9656453525661903,1.5131049660634877,0.16323041575879557,-1.182425713669386,0.6821852807049592,-0.8180421890454515,0.5331787188423618,-0.006101275380400897,-1.3193159597718112,0.7756426532803554,0.7294867297542978,1.3118777343978498,-0.004982884058504541,-1.5805785826513348,-0.6842388662358534,0.02424751995306206,-0.4064542951979896,-1.3345213269788463,-0.94453862710648,0.5207678285694132,1.008670069428353,-0.09263100713799272,0.12543094793517467,0.32145339559408115,-0.021229940194262425,0.9322937605663952,-1.9510107162691397,-0.32635653362764266,0.35925220459054313,-2.234443185844444,-0.5667635478473098,0.5832127257988866,0.741649912133104,-0.2543730685931433,-0.4976247733676211,-0.07352801624313819]
  Distance from global minimum: 516.37685

[Problem 04/24: BucheRastrigin]
[run 1/5]  1349/15000 iterations, minimum: 971.29163
[run 2/5]  723/15000 iterations, minimum: 1111.95919
[run 3/5]  1881/15000 iterations, minimum: 1025.98247
[run 4/5]  1117/15000 iterations, minimum: 1228.76905
[run 5/5]  9901/15000 iterations, minimum: 1019.00001
  Optimized in 133.5686 seconds
  Minimum: 971.2916296346976
  At: [-1.3990458192576944,0.13788471848492498,0.7859755455590783,1.614965560575188,-0.6849596275159706,-0.8254032685232732,0.16478079522955802,-0.15801753305143182,-0.3052459595204011,-0.8158192047547823,-1.0960325449255646,-0.8004335475314905,0.7768530481905338,-0.004060811254680474,-0.2757713117926286,0.16228671940118494,0.47648536837322797,-1.1190013768657718,0.6867504052692522,0.775293769210127,0.5832583744089158,-0.6289828748190988,-0.11791558190171048,0.5250567479193328,1.0061128819614948,0.8731603073524462,-1.1519010259606774,-1.0453148550309084,0.8787189479703642,-0.00598375623083696,1.0134504779331093,1.0022687268954797,-0.6115758807285521,-0.5022765941589283,-0.8431075173800963,0.2281377849002848,-0.8528138682543246,-0.3086106023705769,0.41328295701751233,0.1456764274329285]
  Distance from global minimum: 659.69163

[Problem 05/24: LinearSlope]
[run 1/5]  15000/15000 iterations, minimum: -24.62892
[run 2/5]  2236/15000 iterations, minimum: -0.87577
[run 3/5]  2310/15000 iterations, minimum: -41.82735
[run 4/5]  7395/15000 iterations, minimum: -38.53080
[run 5/5]  15000/15000 iterations, minimum: 484.16691
  Optimized in 158.0987 seconds
  Minimum: -41.82735315121674
  At: [-5,-3.8807360694301685,-5,4.354895841301012,2.5155651197056295,-4.289738923243868,-5,4.9836437363774495,4.8141531402873525,5,4.985167073109636,5,-5,-4.996404860030274,-5,-4.995529989932617,5,5,4.999521104004016,-5,-5,-5,-5,-5,-5,-4.9800951268250255,4.997997500363297,5,5,-4.994933330348124,4.986083715583599,5,-5,5,-5,5,-5,-5,4.999042780280772,5]
  Distance from global minimum: 6.64265

[Problem 06/24: AttractiveSector]
[run 1/5]  7344/15000 iterations, minimum: -91.35749
[run 2/5]  1058/15000 iterations, minimum: -88.81346
[run 3/5]  1880/15000 iterations, minimum: -91.19737
[run 4/5]  2475/15000 iterations, minimum: -91.32732
[run 5/5]  15000/15000 iterations, minimum: 206332.40333
  Optimized in 92.4208 seconds
  Minimum: -91.35748705917685
  At: [2.966806198080814,3.501266931378308,3.137129334039618,-1.4117711428708744,3.4557411477555338,-1.3659718081092471,1.414283912653835,3.321809199392579,2.785821629465182,-2.5209621293249755,3.5312613373518706,-2.0459524414498005,1.0891463430546444,2.929147066305695,-1.1580514832290827,-0.12169092076533992,-1.8207067231629952,3.326213537387879,-1.8886448983086326,-3.4982780333331562,1.3580252710956986,0.15807676027666515,-2.8982889648658965,-1.0834321946593264,1.3108376797447652,-2.491674118512332,-0.8283101416159906,0.2466189176990819,0.17557023749513084,-0.29194343661358824,-1.348769091846603,-2.9097671907378917,-1.485901126405745,3.6772763431783897,-0.22276259004860108,0.6124190696263482,-3.2666112330000483,-0.11120833021242466,2.6000751728843965,-3.9714059076054564]
  Distance from global minimum: 0.00251

[Problem 07/24: StepEllipsoidal]
[run 1/5]  569/15000 iterations, minimum: 1667.07454
[run 2/5]  1065/15000 iterations, minimum: 50.05810
[run 3/5]  2520/15000 iterations, minimum: 43.94838
[run 4/5]  583/15000 iterations, minimum: 1589.91258
[run 5/5]  587/15000 iterations, minimum: 1593.75133
  Optimized in 87.9738 seconds
  Minimum: 43.94837620329809
  At: [2.9806661500165523,0.29515247482874374,-2.4714188891351654,0.1538850123194932,-2.215096706909598,2.917248725884462,-2.552071419811253,1.4432322917827933,-3.68714864074782,-0.027764936951932145,1.7090816187982383,1.8607926760903943,-0.7347532421218729,0.9114400084783859,2.6589139245095046,1.776825479456899,0.3295725629096207,3.637751025174336,0.29505630225728097,-1.8617021743656539,-1.1286149030193096,1.3436159901690445,2.4565528316438527,-2.2645057318262403,1.462830947130092,-1.1472417522757332,0.45437957172063126,-1.5250212973548005,0.048910209640193096,2.452603616013725,2.085815418366011,0.3511866188728968,2.4490100020194996,4.357121311453306,2.6614023055406215,-2.387363734596551,-0.9585634077574599,-0.8555297919554005,2.493642275542305,-0.9655890454584878]
  Distance from global minimum: 11.45838

[Problem 08/24: RosenbrockFunction]
[run 1/5]  15000/15000 iterations, minimum: 72.30861
[run 2/5]  777/15000 iterations, minimum: 170.58781
[run 3/5]  2222/15000 iterations, minimum: 159.32159
[run 4/5]  6573/15000 iterations, minimum: 96.93127
[run 5/5]  15000/15000 iterations, minimum: 26261.08807
  Optimized in 127.0500 seconds
  Minimum: 72.30860822974131
  At: [-2.0299288999059426,-0.517922160262751,-0.14396393027057042,2.7880484822965963,1.5738644545210745,-2.109948266859319,-2.8798451719875247,-1.6121702786185432,0.7919650674500148,2.998174063306277,1.3481279230212746,-0.5435818473789007,1.1355940416117352,-0.7881717318190634,-1.0969226516829602,-0.9894193361397757,2.977661402191585,-0.06808134729527529,0.41202198963691583,-0.20734126185716376,-0.682151654989553,2.03279143201457,-2.565164073803503,-1.9100458829593514,-2.097431141677164,-0.6000510033796611,-1.820941380290464,-0.047771127841695925,-1.9824427518784355,1.911891189311061,0.32200150582386616,-1.828617365333806,-1.881992067513896,-2.814707995534243,-1.6397194775070367,1.7276677739785355,-1.4101421094675084,0.687854420212642,0.43735166041493495,-0.19096304422943064]
  Distance from global minimum: 0.70861

[Problem 09/24: RosenbrockFunctionRotated]
[run 1/5]  11889/15000 iterations, minimum: -356.11664
[run 2/5]  933/15000 iterations, minimum: -309.66481
[run 3/5]  1797/15000 iterations, minimum: -318.81759
[run 4/5]  6074/15000 iterations, minimum: -332.01701
[run 5/5]  15000/15000 iterations, minimum: -206.37894
  Optimized in 164.4091 seconds
  Minimum: -356.11663848113017
  At: [0.5295901305097259,-0.7051475594418225,0.15144785234846525,-0.034297870879856654,0.6380445025520878,0.3213352772534303,0.5438590666799719,-0.14338457468652716,0.5515723807325856,-0.03999170058768203,0.3668206474197635,0.6284685782536485,0.5271162367986094,0.7975517480740999,-0.46678119189693856,0.823403089892297,0.00662532477217559,0.49567336133173706,-0.32581985800529834,0.052031379979480284,0.053692120991266815,-0.3695170194857212,0.7642874308213898,-0.7277566548035838,-0.00978792781272693,0.007502763782981027,0.9659696279608722,-0.7028070775742378,-0.13463566246655229,-0.7057143587742654,-0.3971797247413218,0.5048786429683274,-0.1843242264994922,0.32032481246460687,0.2649505287164666,-0.03074476426569108,0.03179880215307176,-0.5612113978640183,0.1636828236069244,-0.4877498865022893]
  Distance from global minimum: 0.58336

[Problem 10/24: Ellipsoidal]
[run 1/5]  10269/15000 iterations, minimum: 243.56581
[run 2/5]  913/15000 iterations, minimum: 11883.31811
[run 3/5]  2290/15000 iterations, minimum: 2008.87152
[run 4/5]  5546/15000 iterations, minimum: 668.48313
[run 5/5]  15000/15000 iterations, minimum: 1307231.49656
  Optimized in 320.1593 seconds
  Minimum: 243.5658112238468
  At: [1.6341695005386039,-2.3227541247578016,0.6994026206063031,-0.10480832258893277,-0.6097541720988819,-1.5996456474245435,-0.5286659087013603,0.3264624259023826,2.1538014024821974,-1.9940553557252403,-2.4755196268635364,-4.11563018532562,2.222290610038966,-2.001345214240466,-0.6467777170169982,-2.9231124814320357,-0.7756474488525852,2.2862009833392434,-0.29397815706438746,-1.1564217294009214,1.4874059021702943,-2.280416977842737,-2.3065345130453148,0.6673880170291273,-2.5216601379433903,1.0264718266180257,1.4356774922503126,-1.9484042430957589,1.4007707945792014,2.4489846918944833,-1.0531585404551864,0.2770548913427974,-0.1670348845247335,3.241887957397685,-2.5563127098601877,-3.3029676788277076,0.10160953563610681,-3.416386957461621,1.6167062927512184,0.05168595343328451]
  Distance from global minimum: 192.53581

[Problem 11/24: Discus]
[run 1/5]  8077/15000 iterations, minimum: -96.64986
[run 2/5]  1275/15000 iterations, minimum: -96.35447
[run 3/5]  1507/15000 iterations, minimum: -96.62184
[run 4/5]  3548/15000 iterations, minimum: -96.64797
[run 5/5]  15000/15000 iterations, minimum: 63.02731
  Optimized in 217.0959 seconds
  Minimum: -96.64986363079834
  At: [-0.48961386210001967,3.7352248905208856,0.5317774300056766,0.201804565890436,0.1856536767014668,3.470693571667654,-2.0327498726526887,3.5883385338848153,2.853255401564024,-3.258400870651407,-0.3903438258626458,-3.214468547417014,-2.5036461300395536,0.9794950194003473,2.842653834793313,0.2938043672984601,3.7108080089125695,1.0181791596889256,-2.395855295191848,1.0759924646111008,3.1804573506345233,3.366785633212888,-1.636700771450886,-0.6855844500581288,2.016774834396285,1.902428967369683,-0.6212834430717695,2.2347782783022097,2.166997780663853,-2.3827988439498187,-3.9004121197296007,-1.3786778275648528,-1.0161935213587885,0.5204335759528185,2.6295120358467523,-2.5913859622413513,-0.7745077971948211,2.4020781836988165,-0.2828952011542343,2.8932612276893273]
  Distance from global minimum: 0.00014

[Problem 12/24: BentCigar]
[run 1/5]  4903/15000 iterations, minimum: 596.35076
[run 2/5]  863/15000 iterations, minimum: 96317.12572
[run 3/5]  1866/15000 iterations, minimum: 6097.95247
[run 4/5]  2200/15000 iterations, minimum: 1174.66610
[run 5/5]  15000/15000 iterations, minimum: 126528861.47216
  Optimized in 132.2379 seconds
  Minimum: 596.3507599365763
  At: [-1.4053160895971657,1.8190199384756798,-0.10601183171637883,-2.15754768419978,-2.35807468645741,-2.4059699114366553,-2.6600450695607734,-2.0379482382154457,-2.6511705978532656,3.644636741493115,-0.8024057531204325,-0.6268485470736501,1.9022755447579909,3.8583459602971213,2.8023301302529706,-1.9040743910530893,0.2715562318921723,3.675697482737925,-1.350999590753229,-1.1708288682891699,-0.0019271874802377635,1.8639512075044,0.12427488386370689,-3.0432109812814367,-0.9283229491237289,-3.207703605693021,2.9541754565607365,2.5902363140926243,-2.8284937732741744,0.48216434718403267,-2.4431740266180366,1.2067895624232854,0.16587059230791443,-2.7220856861649305,-0.9531574912889582,3.547384472400701,3.1539430828761237,1.5414669777073688,0.5441837634423302,3.337009492651361]
  Distance from global minimum: 42.96076

[Problem 13/24: SharpRidge]
[run 1/5]  5482/15000 iterations, minimum: 11.12980
[run 2/5]  931/15000 iterations, minimum: 68.33703
[run 3/5]  1571/15000 iterations, minimum: 30.25413
[run 4/5]  2539/15000 iterations, minimum: 15.43238
[run 5/5]  15000/15000 iterations, minimum: 2133.35066
  Optimized in 68.1242 seconds
  Minimum: 11.1298045893496
  At: [-2.456409456288385,1.803705896773243,2.1149164868539563,2.385722613231595,0.5879390042475797,3.1930157490654123,3.6777516719311567,-0.5378302004962857,3.4874710059268756,-3.8929863450948403,-3.5219250806564792,2.947859045336847,2.028310387679035,-1.3086222385888304,2.73835395687729,-2.0426673220369853,-0.22427186351227008,-2.4408888679906044,-3.517856830606527,3.7234394982326813,1.684974358017515,-0.7508835018106774,-2.6181801487730283,-3.238034147743178,-0.3653070565033074,-3.825651345126737,-1.426726192531879,-2.3993614316498753,1.752214957035269,1.7397784508539478,-1.577992806336574,-2.1146507222214317,3.863139916083719,-3.0075311827075666,2.0432851259055522,3.6183239950741557,2.5549110064942826,2.6387059013206877,1.1561830516212646,-1.3241779131305929]
  Distance from global minimum: 1.24980

[Problem 14/24: DifferentPowers]
[run 1/5]  5842/15000 iterations, minimum: 405.47068
[run 2/5]  736/15000 iterations, minimum: 405.54251
[run 3/5]  977/15000 iterations, minimum: 405.49599
[run 4/5]  1925/15000 iterations, minimum: 405.47377
[run 5/5]  15000/15000 iterations, minimum: 431.46175
  Optimized in 71.1738 seconds
  Minimum: 405.4706825505807
  At: [-3.75492261962797,-0.6286625382503644,-3.0738728738657004,-3.295204155819087,1.7623272875946467,-0.568927235457633,-3.753604931451881,-3.6263826521558626,-2.530702638156985,2.632366406019326,-1.7787312756651656,-3.893212708689615,0.767867782927061,-3.1218394309300455,-3.3044073704677173,3.1077965347700753,-0.21849747197753172,-3.6719775176934646,-0.4446130885586873,0.3598038823906806,1.817427094822829,-0.5839926099651825,-2.4450127731678926,2.251094547843615,-1.359843221299794,0.333319146827956,1.747387962299097,-2.231425221889483,1.900409851650426,1.8906965204299755,2.568746173165872,-3.3241058329263993,3.9491577609945057,2.3881494361899795,0.9901509395658069,-0.7868722657123123,2.0812514315870683,1.9091484266152308,0.2710786904409413,-3.1317428979880746]
  Distance from global minimum: 0.00068

[Problem 15/24: RastriginMultiModal]
[run 1/5]  1633/15000 iterations, minimum: 955.80180
[run 2/5]  1714/15000 iterations, minimum: 407.23268
[run 3/5]  1611/15000 iterations, minimum: 873.83821
[run 4/5]  995/15000 iterations, minimum: 903.03973
[run 5/5]  11715/15000 iterations, minimum: 992.52326
  Optimized in 259.3153 seconds
  Minimum: 407.23268475612156
  At: [0.009347422232861308,-1.15100047337821,-2.0223395280687857,3.974133869121306,-1.3614178549780152,1.9318610056886358,2.7668428334172614,1.156511802865486,-2.4584036927759443,-2.753309364929483,3.2804657721038395,1.4303282332324185,-3.5713460418769922,-3.270851607542902,-2.2779091158941456,-0.45327932162756207,-0.6530144355145773,3.0174847547407406,1.1593198554852409,-0.47083399692591876,-2.992962065203647,-0.32897230007784173,-1.6685912119247694,1.9244295583216302,-0.5868387131391885,-3.672142919502365,-0.9006271858507143,1.3554121843845863,-1.7604974249788106,2.5486159715130365,0.20511441944290248,-0.8538216192158191,-3.100420025006336,0.339176227771297,2.006690630757665,-2.7869313927645347,0.5422997388810624,-1.338324511902736,2.033266005994506,-1.045602083286197]
  Distance from global minimum: 342.98268

[Problem 16/24: Weierstrass]
[run 1/5]  1104/15000 iterations, minimum: -19.02024
[run 2/5]  941/15000 iterations, minimum: -20.11325
[run 3/5]  944/15000 iterations, minimum: -33.79546
[run 4/5]  779/15000 iterations, minimum: -24.92804
[run 5/5]  717/15000 iterations, minimum: -6.33665
  Optimized in 152.3345 seconds
  Minimum: -33.795458362883416
  At: [0.19192289636825605,-1.331061011024524,-0.4680580621794134,-4.329462465594375,-1.168094901675889,1.0273663743513604,1.1083148065960133,2.155877808529884,-1.8281759426225452,1.1095683689263023,-1.706948437971839,0.6192011893753436,-0.29909216413436357,-0.8269747601800063,2.1646876176572656,-1.6436988217003712,-4.312230311003218,1.10812067164193,0.6626705827497295,-1.80995365275257,-3.101209964131549,1.5586446357833603,-3.481198021762163,-2.6750277159457925,1.3143696548296258,-1.5696305502034325,0.7337714855234395,-3.297700194499015,-0.6666276731064329,-0.15511361951941252,1.8942270748411192,-1.0798395867517658,-1.4540168253882613,-2.4287156832375865,-2.8836636511844236,0.6717298260434246,-0.7700094119642797,3.8132031775506983,1.1247443967856345,0.08063125974848956]
  Distance from global minimum: 9.48454

[Problem 17/24: SchafferF7]
[run 1/5]  10550/15000 iterations, minimum: 235.99322
[run 2/5]  963/15000 iterations, minimum: 236.52449
[run 3/5]  1875/15000 iterations, minimum: 238.07659
[run 4/5]  2289/15000 iterations, minimum: 236.01742
[run 5/5]  15000/15000 iterations, minimum: 233.87824
  Optimized in 454.6927 seconds
  Minimum: 233.87824410833127
  At: [0.6295340323731163,-0.15995582614822887,0.4904637167815406,-0.6085994229619873,0.533175950554035,-0.04439411985939229,-0.8828649498480896,2.452342668203016,0.299295280457639,1.702792584954108,0.14759423434517682,1.5680497750137345,0.49885406414774375,-0.7819567574383668,-1.3717325151806998,-1.2119278077761153,0.18982783638896927,-0.6771160742964141,1.0370204097483202,1.516350959622211,0.020606944265439592,0.14867358824497665,-1.4098386609004736,1.451028657839851,-0.9175858149609701,-0.3663349863071241,0.866767646877996,-0.4736907678266466,1.1055566820168239,-0.838541656716049,-1.3055892326144887,0.580978688203514,0.5481290279734942,1.6332783275885419,1.2707463928141312,-1.656649708272514,0.2690853491007426,-0.43907797205996396,-0.7238983380961529,1.5599840615988452]
  Distance from global minimum: 6.36824

[Problem 18/24: SchafferF7IllConditioned]
[run 1/5]  4325/15000 iterations, minimum: 253.53107
[run 2/5]  1530/15000 iterations, minimum: 234.26608
[run 3/5]  2228/15000 iterations, minimum: 256.11909
[run 4/5]  1915/15000 iterations, minimum: 260.97234
[run 5/5]  15000/15000 iterations, minimum: 255.02937
  Optimized in 337.1844 seconds
  Minimum: 234.26608471657664
  At: [-0.9872119760478093,2.6846897865382187,2.461555168300446,-3.258914449916488,1.6262468475653469,-0.23487529569120263,-3.129103132785841,3.4783013971327814,-2.8155343942383344,4.1808402981980795,0.3840777541966531,0.12378656612573946,-1.4809169115152099,1.8828376631175086,1.6322655815412959,0.2179758644442807,-4.403077596275835,-2.710307999180546,-2.14107522943739,1.0135974817057598,-0.5897440792355937,4.777805877940399,1.8764451337868484,2.217599849457774,-1.0951621036410526,-1.4263540799382186,2.473422539493315,-2.6081429257983264,0.06843861281041376,2.6075477786571986,2.6586190866956954,-0.2133383972674808,0.18891438077609096,-0.6713555922086152,1.862546716331763,-0.7759060474942467,0.32800438984417063,-3.438197208511523,-3.039607349654818,3.634466078143558]
  Distance from global minimum: 6.75608

[Problem 19/24: CompositeGriewankRosenbrockF8F2]
[run 1/5]  1281/15000 iterations, minimum: 78.10595
[run 2/5]  987/15000 iterations, minimum: 78.61038
[run 3/5]  1173/15000 iterations, minimum: 77.84614
[run 4/5]  798/15000 iterations, minimum: 77.84706
[run 5/5]  4319/15000 iterations, minimum: 75.28957
  Optimized in 49.0704 seconds
  Minimum: 75.28957493668003
  At: [1.3962547127319358,0.8273387425072632,0.8401867263904135,-1.8657700568259057,0.8671546675108337,0.25298513285397045,0.04441211377426576,1.2740025026293196,0.6841848276174273,1.1544866912114147,1.507313886536307,1.3305435414087068,1.3383435725630095,1.1435263596918204,-1.8602643782979702,-0.4442950684724277,0.4911506884662783,-2.4676004715798676,0.4250444206117263,-0.3084816386997654,0.3952963454071337,-0.1331670545110499,-1.4401754930600073,-1.1555822287991906,-0.017602921846893226,-0.03641319080380633,-0.09241509209970368,2.133770905802341,1.1777440429470958,0.008990813464770741,-1.28000464795094,-1.2253925206560454,-2.1032963341951567,0.803535733251752,-2.3502212481075335,-1.2002313690534858,-0.12784462287819595,1.4289121468780208,-1.2942198229383082,2.750049287833062]
  Distance from global minimum: 2.22957

[Problem 20/24: Schwefel]
[run 1/5]  3111/15000 iterations, minimum: -121.53188
[run 2/5]  747/15000 iterations, minimum: -121.20493
[run 3/5]  1204/15000 iterations, minimum: -121.42703
[run 4/5]  2686/15000 iterations, minimum: -121.41343
[run 5/5]  15000/15000 iterations, minimum: 1073.25008
  Optimized in 123.9432 seconds
  Minimum: -121.5318790931016
  At: [-1.489580661180095,0.3847503342613116,0.8672037530659042,1.4391646543981822,-0.07137061862291154,0.29806173270237,-0.2948542821254025,-0.4242959961090874,0.7738064601436955,-0.356084506758972,-0.708359464984859,-0.5185839279120715,0.22045590284955713,0.562907816132335,0.36970866659203594,-0.20640412694963844,0.3119519246072859,-0.23441073320352704,0.5970722724202311,0.1461197236560217,-0.6539315198440101,0.009085588225586031,0.2286052636665442,1.210319971031432,0.9879531198306167,0.6491388080456013,-1.1955514986119475,-0.2559190722266657,-0.5510967907048973,-0.5366471664900719,1.0024313271054959,0.5361921242849865,-1.0979332603793321,0.6185187485782422,0.7893597038194635,0.7945795857341568,0.8409097273432968,0.8757250599079731,0.9112640039865945,-0.9466968966729179]
  Distance from global minimum: 2.27812

[Problem 21/24: GallagherGaussian101MePeaks]
[run 1/5]  5594/15000 iterations, minimum: -42.48225
[run 2/5]  722/15000 iterations, minimum: -38.12305
[run 3/5]  1900/15000 iterations, minimum: -42.48135
[run 4/5]  2537/15000 iterations, minimum: -42.48216
[run 5/5]  15000/15000 iterations, minimum: 25.95395
  Optimized in 167.4657 seconds
  Minimum: -42.48225296699722
  At: [-0.24401340099306953,1.2362162969048167,-1.7832545702436202,-1.7437001012505988,4.202228950570091,-0.9874126972043263,-2.291628581298689,-3.987285959058791,0.3902244653301223,2.116940018928123,-1.6235547585474783,-3.4255469146514628,-2.1196956595050795,-1.9988370401074493,-4.803245635148777,-2.0073664804583604,2.1558258036868345,1.3198447944645946,-0.005172174129316939,0.8568441294510453,2.025953566762952,-3.429893572963791,2.7089169885468327,-0.25296587167373275,-4.800789374673485,-1.8514096466976895,0.29515868308312626,-0.7370154668896933,-0.1582639830518085,-4.953400882315412,1.5538202483558168,3.5749454787445245,2.4046198890115202,-2.87048886651372,-1.3611463794576562,0.5735979029810491,-2.143660355374939,-1.6806520395100943,-2.48967404047296,2.445632264786645]
  Distance from global minimum: 1.93775

[Problem 22/24: GallagherGaussian21HiPeaks]
[run 1/5]  6113/15000 iterations, minimum: 224.69057
[run 2/5]  727/15000 iterations, minimum: 224.73770
[run 3/5]  2237/15000 iterations, minimum: 224.69340
[run 4/5]  2050/15000 iterations, minimum: 224.69092
[run 5/5]  15000/15000 iterations, minimum: 290.46870
  Optimized in 84.2804 seconds
  Minimum: 224.69056551039364
  At: [-1.8333399748413974,-3.0867507645195227,4.868198457642989,-3.1399796591076257,-4.28928311718503,-0.18885980556857532,0.294094048851626,0.7867342298551356,-0.18384224056551898,3.275363094712248,0.9597652532244382,0.7125183143797027,0.47292385771775086,1.871232462954147,-2.5474860440772114,0.1268447861088959,-1.552811678459143,-0.0922746293149976,2.1408342857155924,-1.2707645801680896,0.8629646547658291,-2.2066723192121045,-4.7583315185455,3.6331013285887965,-0.2672159999590848,-0.00829183648717432,-2.0567404957095614,1.647529587381309,-0.9067313045041905,3.758194009137263,-2.412699138825098,-3.8818262698177555,2.428676619928689,2.9288260286732535,3.2240843793981906,-1.1338262766976175,1.1784841497273932,-4.6940170245717825,3.83216383208616,4.191536694928102]
  Distance from global minimum: 2.59057

[Problem 23/24: Katsuura]
[run 1/5]  723/15000 iterations, minimum: -999.59486
[run 2/5]  998/15000 iterations, minimum: -997.23183
[run 3/5]  1626/15000 iterations, minimum: -998.21061
[run 4/5]  1337/15000 iterations, minimum: -999.58985
[run 5/5]  890/15000 iterations, minimum: -998.35658
  Optimized in 441.0072 seconds
  Minimum: -999.5948552886072
  At: [-1.175791102308156,0.026412911277525732,-0.3758295040691614,2.1898510370170543,0.9413430346488058,-0.5343729146590409,-0.532883248406116,-0.7701171393816842,-0.14087500925914265,-1.5426573405723716,-1.3457373501295593,-0.41886640562518457,-0.25468091390313224,0.6023771018164862,-1.239158188821091,-0.04023139569367913,-0.1391199828734676,0.13050094218578728,-0.150900766661066,2.3686781413204923,-0.8813303090117132,1.5401378309971494,1.2462133331371152,1.2467627987120429,0.7647061687300523,0.9346924660117352,-1.6950807822557972,-0.14871970684637412,-0.004022298093124464,-1.062083988311104,0.777027367152294,0.5934460511995914,-1.016178717528479,-0.8514068379354549,-0.22700069833199374,-0.7928888070737201,0.01668135182468056,-0.32168140736153517,0.21915065316761617,0.5240727884223967]
  Distance from global minimum: 0.40514

[Problem 24/24: LunacekBiRastrigin]
[run 1/5]  719/15000 iterations, minimum: 336.70983
[run 2/5]  2295/15000 iterations, minimum: 286.27666
[run 3/5]  2262/15000 iterations, minimum: 265.49661
[run 4/5]  762/15000 iterations, minimum: 363.54989
[run 5/5]  4615/15000 iterations, minimum: 189.41857
  Optimized in 99.5064 seconds
  Minimum: 189.41857360275705
  At: [-0.3471977235882384,-0.9447244591444194,0.1492850905487928,-0.5760691168690941,0.3903469263974192,0.8318774732672519,0.7428417665355671,2.089584933921913,-0.2966473620114602,0.928788987188193,-1.2515970466853241,-0.6831187376107766,0.15357494289169404,0.20947955196550658,-0.4892027108211259,-0.13271894157405448,0.803416027689826,-0.5618913784462688,0.3670456804466979,-0.9549073775060508,0.0629063466458425,-1.1658308165113418,1.1584015952143525,0.892471139152116,0.8724229328947837,-0.27748446664235976,-0.12733376968575286,-1.8762667216472226,0.03622254767595911,0.6259047621323363,0.20509520422123434,-0.10214004969742829,-0.538312982388039,-0.985733678378484,0.419276748236346,-0.8901296307144517,1.2806356907895948,-0.29384882288854064,0.901855774337655,0.3563796572920267]
  Distance from global minimum: 190.74857


-- Optimized all 24 problems in 3935.5528 seconds. --