[[Problem 01/24 (Sphere) | global minimum is 21.1000]]
[run 1/5]  4658/20000 iterations | minimum: 21.10006, distance: 0.00006
[run 2/5]  2409/20000 iterations | minimum: 21.28867, distance: 0.18867
[run 3/5]  2451/20000 iterations | minimum: 21.10543, distance: 0.00543
[run 4/5]  4918/20000 iterations | minimum: 21.10095, distance: 0.00095
[run 5/5]  107631/300000 iterations | minimum: 21.10000, distance: 0.00000
  Optimized in 403.4509 seconds
  Minimum: 21.100000060765556
  At: [3.984734013373935,3.7544612351371582,-1.8191918433347751,-3.1600342258384857,2.8880176134104993,2.262413126241434,3.4431852726185275,-0.7112016757962197,2.6551908073518526,2.6439690751043883,-2.6183844612843012,-1.9103313978916976,-1.6399984163635752,-1.511294155414844,1.2336250954424233,0.2543350481203452,-3.4088239554316306,3.0976023341296712,1.8103755834166313,1.6879580439936277,-1.482390521910818,-0.5855440928661745,3.202359459291376,2.4432330423621678,3.830405011283162,1.0424089966699919,2.6472767536556527,-3.0167724706502366,-0.6503459294437137,3.52556161791175,-2.243988091134748,-1.4063575855001482,1.3208225226880639,3.2216132255631895,1.7496075425194932,3.7007621076269706,-3.773637652938404,1.3927825362471644,2.1207375854624235,-0.473635272134907]
  Distance from global minimum: 0.00000

[[Problem 02/24 (SeparableEllipsoidal) | global minimum is 26.9100]]
[run 1/5]  6393/20000 iterations | minimum: 630.81328, distance: 603.90328
[run 2/5]  2694/20000 iterations | minimum: 14570.42475, distance: 14543.51475
[run 3/5]  3292/20000 iterations | minimum: 2549.47922, distance: 2522.56922
[run 4/5]  5067/20000 iterations | minimum: 1617.21723, distance: 1590.30723
[run 5/5]  300000/300000 iterations | minimum: 31.49186, distance: 4.58186
  Optimized in 1301.4652 seconds
  Minimum: 31.491860308380478
  At: [-1.3005927405583024,-0.8558783284698888,0.2784728709781467,-1.0075049920740053,2.356967285529436,2.6078635243227004,0.893774753318829,-3.05476745077536,-0.04547645850363494,3.09398940040708,-2.032256521719559,-1.1737120111513712,-3.439472593566308,1.1480285601582025,0.7895219038922922,3.843424696382282,1.188388043836657,-2.0019902089932926,0.4918832978557613,1.3035546743867221,-0.947299984480308,3.3209988907591255,2.3564872687458194,3.8699640143150646,1.050207472347141,-0.22224746654067018,0.8728206443213029,3.979137565617199,3.1951609861721035,3.1151223068776477,3.5120077057289145,-2.766437718606879,-3.592007373558851,-2.80236618612544,-1.0088136249915993,-1.8495906123409322,2.937595030621837,0.8831887868398753,1.1584146319485873,-1.3991943673229985]
  Distance from global minimum: 4.58186

[[Problem 03/24 (Rastrigin) | global minimum is 311.6000]]
[run 1/5]  1773/10000 iterations | minimum: 1055.85921, distance: 744.25921
[run 2/5]  2163/10000 iterations | minimum: 938.82987, distance: 627.22987
[run 3/5]  2660/10000 iterations | minimum: 870.70917, distance: 559.10917
[run 4/5]  4390/10000 iterations | minimum: 954.35056, distance: 642.75056
[run 5/5]  14409/150000 iterations | minimum: 845.88533, distance: 534.28533
  Optimized in 272.5204 seconds
  Minimum: 845.8853279825547
  At: [1.5493519179263793,1.0303349088082268,0.1798960170843965,-0.4068470350049976,-0.9656083914858328,1.5130865050468274,-0.49468097162197683,-1.1825315316934655,0.6822449715302524,-0.818013825141306,0.5333612584089578,-0.005945690316715749,-1.3228391127527896,0.7756481373792212,0.729347018958518,1.311848638494052,-0.39431682553986935,-1.5804678320167507,-0.255868784741598,0.024238058990621526,-0.40639758895688577,-1.334533159653967,-0.9445189524366067,0.52088767265759,1.0085917110424352,-0.09257801788825089,0.6198419186255065,0.001388997552296318,-0.02117078059332494,0.9323500453953644,-1.9510221561399896,-0.3262978467007241,-0.10273095130535916,-1.7770044060199293,-0.5668310988815651,0.8413645766049137,0.7416578739335913,-0.4542968576963405,-0.49768535377956363,-0.07344715527674224]
  Distance from global minimum: 534.28533

[[Problem 04/24 (BucheRastrigin) | global minimum is 311.6000]]
[run 1/5]  1349/20000 iterations | minimum: 971.29163, distance: 659.69163
[run 2/5]  2216/20000 iterations | minimum: 990.95210, distance: 679.35210
[run 3/5]  2635/20000 iterations | minimum: 1024.65683, distance: 713.05683
[run 4/5]  4599/20000 iterations | minimum: 1065.37751, distance: 753.77751
[run 5/5]  15242/300000 iterations | minimum: 901.59992, distance: 589.99992
  Optimized in 458.9759 seconds
  Minimum: 901.5999181425965
  At: [0.5519465151892006,1.1241193671633314,-0.0546200506496745,-0.3074984217063581,-0.6882379435078989,1.000347077397465,-0.49472368835425967,0.4656587587625779,0.6822440926107864,0.001553717419258141,1.0961484184977184,-0.8000355505126189,-0.03712268245917409,0.7756028765033577,-0.7816326134350045,1.3119368244518204,-0.7095301271614985,-1.1175052517846282,-0.39646731382375394,-0.5022173103420084,0.5825259181359874,-0.6290619213088007,0.5371732939797935,0.5211644660077903,0.39123644215521414,0.399301477841882,0.12555840431958082,0.0013640859661024798,1.4671726517110013,-0.00569021111105176,-0.6362752312224117,0.6574040979748318,1.400156155352773,-1.0813236079044168,0.26215608463659423,1.5404617696571907,0.7416013682686688,-0.08983269087776619,-0.4977343560278609,-0.12878350633170174]
  Distance from global minimum: 589.99992

[[Problem 05/24 (LinearSlope) | global minimum is -48.4700]]
[run 1/5]  16024/20000 iterations | minimum: -24.88985, distance: 23.58015
[run 2/5]  4478/20000 iterations | minimum: 222.81759, distance: 271.28759
[run 3/5]  4048/20000 iterations | minimum: -41.96690, distance: 6.50310
[run 4/5]  4495/20000 iterations | minimum: -34.77486, distance: 13.69514
[run 5/5]  300000/300000 iterations | minimum: -9.94038, distance: 38.52962
  Optimized in 1749.1767 seconds
  Minimum: -41.96689577886484
  At: [-4.95475411650158,-3.9260659908448563,-4.950284722361616,4.446668121104475,2.4854389228124014,-4.233712799547388,-4.998791688491158,4.986423847203332,4.889751515534665,4.98919489924223,4.986904727887495,4.989261655533557,-5,-5,-5,-4.990986458099266,5,5,5,-5,-5,-5,-5,-5,-5,-4.999701312006821,4.988243312709541,5,5,-5,5,5,-5,4.996087055999785,-5,5,-4.997436487927496,-5,5,5]
  Distance from global minimum: 6.50310

[[Problem 06/24 (AttractiveSector) | global minimum is -91.3600]]
[run 1/5]  7344/20000 iterations | minimum: -91.35749, distance: 0.00251
[run 2/5]  2389/20000 iterations | minimum: -88.29716, distance: 3.06284
[run 3/5]  2749/20000 iterations | minimum: -91.21344, distance: 0.14656
[run 4/5]  4283/20000 iterations | minimum: -91.32441, distance: 0.03559
[run 5/5]  159143/300000 iterations | minimum: -91.35999, distance: 0.00001
  Optimized in 461.0720 seconds
  Minimum: -91.35999442262819
  At: [2.9670762818593395,3.500801030180579,3.1438951872645644,-1.4127231371964706,3.4616049198395573,-1.371018136064696,1.4106320506658523,3.3216817284761886,2.7849064280749323,-2.5170595303710446,3.532825388658531,-2.051241374533337,1.0919001177164878,2.927876487502335,-1.1622967443365018,-0.1199167659712789,-1.8246837707955095,3.3279839474725663,-1.8895951703429903,-3.496931896977445,1.3536015391802103,0.15445595090602143,-2.8968818189602836,-1.0879036350939801,1.3073082087224597,-2.497483163577287,-0.8239748393413806,0.24631164473709066,0.17750303982342308,-0.29432518020428616,-1.3433327409848448,-2.905021705930883,-1.4888447143579377,3.674545686892207,-0.2208200318924695,0.6191048808901789,-3.267363006787416,-0.11364882826274163,2.6032467421908505,-3.972800966213525]
  Distance from global minimum: 0.00001

[[Problem 07/24 (StepEllipsoidal) | global minimum is 32.4900]]
[run 1/5]  569/20000 iterations | minimum: 1667.07454, distance: 1634.58454
[run 2/5]  3061/20000 iterations | minimum: 43.77727, distance: 11.28727
[run 3/5]  2264/20000 iterations | minimum: 56.36591, distance: 23.87591
[run 4/5]  1117/20000 iterations | minimum: 969.50311, distance: 937.01311
[run 5/5]  2579/300000 iterations | minimum: 1670.41741, distance: 1637.92741
  Optimized in 124.2667 seconds
  Minimum: 43.77727466791278
  At: [2.6782852784559967,0.08011091571049632,-3.296309675041585,0.29675575904948176,-2.3306288044810586,3.0428491100253923,-2.5816782595222665,1.5324726241020303,-3.343993409935665,-0.6787948595647818,1.627544062392716,0.7260630886963129,-1.357802926183295,1.1609641333826712,2.472070432698497,2.3866261782608227,-0.3394057167579614,3.7807780007430543,0.08074088385472662,-1.9761079921849634,-1.206201988597646,2.110413875204481,2.5426069296136515,-3.1402984463532855,1.6164735409973123,-2.7588023411439875,1.2054421770853125,-1.2574241673437137,0.09263169535204897,2.5746730561922453,1.6127783166648153,-0.00020844362409808137,3.5746216604583494,4.351718135807512,2.3867027692300247,-2.485897655043907,-1.132551828944497,-1.1611205169228203,2.3722134498152894,-0.4285502451816111]
  Distance from global minimum: 11.28727

[[Problem 08/24 (RosenbrockFunction) | global minimum is 71.6000]]
[run 1/5]  17224/20000 iterations | minimum: 72.16905, distance: 0.56905
[run 2/5]  2309/20000 iterations | minimum: 128.22848, distance: 56.62848
[run 3/5]  2519/20000 iterations | minimum: 158.49273, distance: 86.89273
[run 4/5]  5838/20000 iterations | minimum: 150.77558, distance: 79.17558
[run 5/5]  166059/300000 iterations | minimum: 71.60351, distance: 0.00351
  Optimized in 360.2075 seconds
  Minimum: 71.60351021613975
  At: [-2.0316166376406875,-0.5172461600906908,-0.1458158747914134,2.785842618308013,1.5744345858415647,-2.1076756590884607,-2.8775636755082608,-1.611579520362163,0.7919561642058581,2.99820476652666,1.3464389166477693,-0.5459968181941139,1.1334533124747816,-0.7883437270377734,-1.0979707587042749,-0.9894395598523825,2.978444957358102,-0.07013797143865828,0.4109873018208701,-0.2088963406724825,-0.6846509314887893,2.0315504098682675,-2.5650322539267756,-1.907974456237347,-2.0970319016793524,-0.598798457137918,-1.8192381092627428,-0.047954654739429926,-1.980626715827236,1.915087886016567,0.32855473978615024,-1.8196393968717768,-1.8655879066750916,-2.7832456498089284,-1.57758925262832,1.849418812672452,-1.1852694716714662,1.0741390439913985,1.0411562700010646,0.5971131416558212]
  Distance from global minimum: 0.00351
