-- Running firefly optimization on all 24 problems. --

[[Problem 01/24 (Sphere) | global minimum is 21.1000]]
[   explore   | run 1/6]  4658/20000 iterations | minimum: 21.10006, distance: 0.00006                                                                                                                                                             
[   explore   | run 2/6]  2409/20000 iterations | minimum: 21.28867, distance: 0.18867                                                                                                                                                             
[   explore   | run 3/6]  2451/20000 iterations | minimum: 21.10543, distance: 0.00543                                                                                                                                                             
[   explore   | run 4/6]  4918/20000 iterations | minimum: 21.10095, distance: 0.00095                                                                                                                                                             
[   explore   | run 5/6]  56746/200000 iterations | minimum: 21.10000, distance: 0.00000                                                                                                                                                           
[ refine best | run 6/6]  2501/20000 iterations | minimum: 21.10000 -> 21.10000, distance: 0.00000                                                                                                                                                 
  Optimized in 51.1905 seconds
  Minimum: 21.100000319612864  At: [3.9846211054606586,3.7545229263668096,-1.8193397897859003,-3.1599929070458765,2.8881356649491776,2.26246020331102,3.443202293211095,-0.7113086085217042,2.6552751354793394,2.6439868547479635,-2.618323606876955,-1.9105877249135315,-1.6400904532531115,-1.5110852054197312,1.2334878285492377,0.2544693424019817,-3.4089051565107034,3.097690893918592,1.8103706433014137,1.6879806536067767,-1.4822928138666693,-0.5855806926584857,3.20248898800074,2.4432236452630427,3.8304733263021746,1.0423562659536691,2.647103260364108,-3.0169448750684658,-0.6504974172070506,3.5255734039080444,-2.244030073028167,-1.4064330625260781,1.3207598037984636,3.2215386052481954,1.7496503933824876,3.700916535419779,-3.7735821905963487,1.392809014359
9063,2.1209409691346237,-0.47363047686703863]
  Distance from global minimum: 0.00000

[[Problem 02/24 (SeparableEllipsoidal) | global minimum is 26.9100]]
[   explore   | run 1/6]  6393/20000 iterations | minimum: 630.81328, distance: 603.90328                                                                                                                                                          
[   explore   | run 2/6]  2694/20000 iterations | minimum: 14570.42475, distance: 14543.51475                                                                                                                                                      
[   explore   | run 3/6]  3292/20000 iterations | minimum: 2549.47922, distance: 2522.56922                                                                                                                                                        
[   explore   | run 4/6]  5067/20000 iterations | minimum: 1617.21723, distance: 1590.30723                                                                                                                                                        
[   explore   | run 5/6]  137322/200000 iterations | minimum: 43.61670, distance: 16.70670                                                                                                                                                         
[ refine best | run 6/6]  2501/20000 iterations | minimum: 43.61670 -> 43.61670, distance: 16.70670                                                                                                                                                
  Optimized in 372.6195 seconds
  Minimum: 43.616700414936744  At: [-0.1810406562828873,-0.718690383426494,0.093017378451584,-0.5929659025270682,1.8074243360220172,2.3878156440082927,0.8612310227607385,-2.476877904549717,-0.04272939387661306,3.064487992606583,-2.028940863899839,-1.1772208231596328,-3.43
8813929950839,1.1465128422728041,0.787200785592627,3.8413283030117173,1.1876717241205594,-2.002128349580269,0.49300242468160743,1.3030010909014973,-0.9475566659187049,3.320274176573451,2.3567868444342466,3.8698974977110763,1.0498813338821702,-
0.22248835520271756,0.8726370842972976,3.9792282917868764,3.1951395949105743,3.115169141708328,3.512031206951751,-2.766416182870006,-3.592015133617122,-2.8024741136034357,-1.0088258917901904,-1.8495822573982441,2.9375958557059225,0.88317407635
32607,1.1583766264340336,-1.399207233865066]
  Distance from global minimum: 16.70670

[[Problem 03/24 (Rastrigin) | global minimum is 311.6000]]
[   explore   | run 1/6]  1251/20000 iterations | minimum: 1124.51530, distance: 812.91530
[   explore   | run 2/6]  2245/20000 iterations | minimum: 896.93644, distance: 585.33644
[   explore   | run 3/6]  2795/20000 iterations | minimum: 851.80191, distance: 540.20191
[   explore   | run 4/6]  4177/20000 iterations | minimum: 924.31059, distance: 612.71059
[   explore   | run 5/6]  12029/200000 iterations | minimum: 827.97660, distance: 516.37660
[ refine best | run 6/6]  2501/20000 iterations | minimum: 827.97660 -> 827.97660, distance: 516.37660
  Optimized in 220.0534 seconds
  Minimum: 827.976599901363
  At: [0.5522111907092804,0.0923467692132207,-0.7741209624847527,0.6386776400857218,-0.029586011449764416,1.513207171742926,0.1633972319490259,-0.160242884971711,0.682246012591487,0.001439021915238769,0.5332781191659565,-0.0064766601689609515,-0.8108323054194333,0.7755011571363226,0.729300295499202,1.3119015371581615,-1.0303375427776968,-2.8204192278044173,0.3715617551417151,0.6986508498932922,-1.0552346224348372,-1.833787314426093,-0.37297587393906223,-0.349287342317131,1.9358629404025376,0.8728507565180402,1.3312828826249536,-0.4381742574597852,-0.021203103518577956,0.5589760428341151,-1.4104896633404125,-0.9622252885520416,-0.1026728125468671,-1.4634199732596134,-0.13064633187056512,0.583169633198188,1.1472297588518565,-1.0977888322503255,-0.09259112505858508,-0.07323078957770035]
  Distance from global minimum: 516.37660

[[Problem 04/24 (BucheRastrigin) | global minimum is 311.6000]]
[   explore   | run 1/6]  1349/20000 iterations | minimum: 971.29163, distance: 659.69163
[   explore   | run 2/6]  2216/20000 iterations | minimum: 990.95210, distance: 679.35210
[   explore   | run 3/6]  2635/20000 iterations | minimum: 1024.65683, distance: 713.05683
[   explore   | run 4/6]  4599/20000 iterations | minimum: 1065.37751, distance: 753.77751
[   explore   | run 5/6]  7555/200000 iterations | minimum: 919.51121, distance: 607.91121
[ refine best | run 6/6]  2501/20000 iterations | minimum: 919.51121 -> 919.51121, distance: 607.91121                                                                                                                                               Optimized in 189.0201 seconds
  Minimum: 919.5112133061973
  At: [-0.4446110758453662,1.1243481638978197,-1.153526059869532,-0.30729724709617967,0.965452628836227,1.604079925253918,0.1633676672555912,1.324023320817983,0.682135470105246,0.0016142985702050797,0.3311339794493938,-1.5805543883840445,-0.03674971717581125,-0.0037468638170022996,-0.7815492734577354,1.3116988843742212,0.47736834067567546,-0.31560889706012,0.6894844877490096,0.775602514259175,0.5825761596770328,-1.3305818276577759,0.9357184284672277,-0.9605665115832205,1.0086314967700152,0.3993344676998849,-0.8199400028033573,0.8080832965386777,0.3889868780400201,0.5588858484739108,0.1082825169493521,0.2911696064163103,0.6624975895296225,-1.0812724988705855,-0.13059891008242272,0.22855847728115142,-0.008447274516975238,0.44758388460119064,-0.9303563447218136,-0.12876308136310036]
  Distance from global minimum: 607.91121

[[Problem 05/24 (LinearSlope) | global minimum is -48.4700]]
[   explore   | run 1/6]  16024/20000 iterations | minimum: -24.88985, distance: 23.58015
[   explore   | run 2/6]  4478/20000 iterations | minimum: 222.81759, distance: 271.28759
[   explore   | run 3/6]  4048/20000 iterations | minimum: -41.96690, distance: 6.50310
[   explore   | run 4/6]  4495/20000 iterations | minimum: -34.77486, distance: 13.69514
[   explore   | run 5/6]  200000/200000 iterations | minimum: -21.55804, distance: 26.91196
[ refine best | run 6/6]  2501/20000 iterations | minimum: -41.96690 -> -41.96690, distance: 6.50310                                                                                                                                                 Optimized in 337.7145 seconds
  Minimum: -41.96689577886483
  At: [-4.95475411650158,-3.9260659908448563,-4.950284722361616,4.446668121104475,2.4854389228124014,-4.233712799547388,-4.998791688491158,4.986423847203332,4.889751515534665,4.98919489924223,4.986904727887495,4.989261655533557,-5,-5,-5,-4.990986458099266,5,5,5,-5,-5,-5,-5,-5,-5,-4.999701312006821,4.988243312709541,5,5,-5,5,5,-5,4.996087055999785,-5,5,-4.997436487927496,-5,5,5]
  Distance from global minimum: 6.50310

[[Problem 06/24 (AttractiveSector) | global minimum is -91.3600]]
[   explore   | run 1/6]  7344/20000 iterations | minimum: -91.35749, distance: 0.00251
[   explore   | run 2/6]  2389/20000 iterations | minimum: -88.29716, distance: 3.06284
[   explore   | run 3/6]  2749/20000 iterations | minimum: -91.21344, distance: 0.14656
[   explore   | run 4/6]  4283/20000 iterations | minimum: -91.32441, distance: 0.03559
[   explore   | run 5/6]  87535/200000 iterations | minimum: -91.35997, distance: 0.00003
[ refine best | run 6/6]  2501/20000 iterations | minimum: -91.35997 -> -91.35997, distance: 0.00003
  Optimized in 168.6597 seconds
  Minimum: -91.35996831336728
  At: [2.9667127430013864,3.500501613585124,3.143910493209094,-1.4130761202597633,3.4610114682745468,-1.3708397197474818,1.4110388835161516,3.3213854251588826,2.7847984347461665,-2.517074802744166,3.532711706956418,-2.05106931965281,1.0918434943129658,2.9280395279814857,-1.1620816264031562,-0.11971874737714684,-1.8244387764088699,3.32759912943131,-1.8898190707755078,-3.497180319095692,1.3536021219470213,0.1546121356057912,-2.896655275715187,-1.0876054821205603,1.3077834938827624,-2.4971440635105315,-0.823902768735497,0.24595136434024276,0.1767082109388264,-0.2944165422833501,-1.3431041748137453,-2.905389868151057,-1.4890199632503764,3.6745897740484734,-0.22115621722295611,0.6190833882692487,-3.2676267372008057,-0.113184
82236169049,2.603713268063569,-3.972544145139089]
  Distance from global minimum: 0.00003

[[Problem 07/24 (StepEllipsoidal) | global minimum is 32.4900]]
[   explore   | run 1/6]  569/20000 iterations | minimum: 1667.07454, distance: 1634.58454
[   explore   | run 2/6]  3061/20000 iterations | minimum: 43.77727, distance: 11.28727
[   explore   | run 3/6]  2264/20000 iterations | minimum: 56.36591, distance: 23.87591
[   explore   | run 4/6]  1117/20000 iterations | minimum: 969.50311, distance: 937.01311
[   explore   | run 5/6]  2136/200000 iterations | minimum: 1660.54619, distance: 1628.05619
[ refine best | run 6/6]  2501/20000 iterations | minimum: 43.77727 -> 43.77727, distance: 11.28727
  Optimized in 49.8247 seconds
  Minimum: 43.77727466791278
  At: [2.6782852784559967,0.08011091571049632,-3.296309675041585,0.29675575904948176,-2.3306288044810586,3.0428491100253923,-2.5816782595222665,1.5324726241020303,-3.343993409935665,-0.6787948595647818,1.627544062392716,0.7260630886963129,-1.357802926183295,1.1609641333826712,2.472070432698497,2.3866261782608227,-0.3394057167579613,3.7807780007430543,0.08074088385472668,-1.9761079921849634,-1.206201988597646,2.110413875204481,2.5426069296136515,-3.1402984463532855,1.6164735409973123,-2.7588023411439875,1.2054421770853125,-1.2574241673437137,0.09263169535204908,2.5746730561922453,1.6127783166648153,-0.00020844362409808137,3.5746216604583494,4.351718135807512,2.3867027692300247,-2.485897655043907,-1.1325518289444974,-1.16
11205169228203,2.3722134498152894,-0.42855024518161133]
  Distance from global minimum: 11.28727

[[Problem 08/24 (RosenbrockFunction) | global minimum is 71.6000]]
[   explore   | run 1/6]  17224/20000 iterations | minimum: 72.16905, distance: 0.56905
[   explore   | run 2/6]  2309/20000 iterations | minimum: 128.22848, distance: 56.62848
[   explore   | run 3/6]  2519/20000 iterations | minimum: 158.49273, distance: 86.89273
[   explore   | run 4/6]  5838/20000 iterations | minimum: 150.77558, distance: 79.17558
[   explore   | run 5/6]  107165/200000 iterations | minimum: 71.61275, distance: 0.01275
[ refine best | run 6/6]  2501/20000 iterations | minimum: 71.61275 -> 71.61275, distance: 0.01275                                                                                                                                                   Optimized in 164.6639 seconds
  Minimum: 71.61275252509026
  At: [-2.031688480799349,-0.5172498407853772,-0.14586174540346478,2.7857578520575963,1.5744588739552354,-2.1075336573519716,-2.8775530895757804,-1.611543307206638,0.7920551377444095,2.9981002403466275,1.3462856929759681,-0.5461442912231732,1.133440804039331,-0.7884076147890046,-1.0980125876755447,-0.9894836356369413,2.97827410474181,-0.07010697988805793,0.4110689813374582,-0.2087395411523748,-0.6844735640517651,2.0316733823430497,-2.564859746660764,-1.907976287171103,-2.097088998078402,-0.5989149101783907,-1.8192807612418493,-0.0480653486902009,-1.9805970697329627,1.9150145615619283,0.3283333340500843,-1.8200209492983512,-1.8664800079695225,-2.784828247879794,-1.5806718976003422,1.8433546250512745,-1.1972985795604099,1.0505992986127004,0.9953372234002529,0.5121750613525775]
  Distance from global minimum: 0.01275

[[Problem 09/24 (RosenbrockFunctionRotated) | global minimum is -356.7000]]
[   explore   | run 1/6]  11889/20000 iterations | minimum: -356.11664, distance: 0.58336
[   explore   | run 2/6]  2675/20000 iterations | minimum: -238.13644, distance: 118.56356
[   explore   | run 3/6]  2497/20000 iterations | minimum: -319.78196, distance: 36.91804
[   explore   | run 4/6]  6100/20000 iterations | minimum: -280.15181, distance: 76.54819
[   explore   | run 5/6]  110672/200000 iterations | minimum: -352.70480, distance: 3.99520
[ refine best | run 6/6]  2501/20000 iterations | minimum: -356.11664 -> -356.11664, distance: 0.58336                                                                                                                                               Optimized in 284.4024 seconds
  Minimum: -356.11663848113017
  At: [0.5295901305097259,-0.7051475594418225,0.15144785234846525,-0.034297870879856654,0.6380445025520878,0.3213352772534303,0.5438590666799719,-0.14338457468652716,0.5515723807325856,-0.03999170058768203,0.3668206474197635,0.6284685782536485,0.5271162367986094,0.7975517480740999,-0.46678119189693856,0.823403089892297,0.00662532477217559,0.49567336133173706,-0.32581985800529834,0.052031379979480284,0.053692120991266815,-0.3695170194857212,0.7642874308213898,-0.7277566548035838,-0.00978792781272693,0.007502763782981027,0.9659696279608722,-0.7028070775742378,-0.13463566246655229,-0.7057143587742654,-0.3971797247413218,0.5048786429683274,-0.1843242264994922,0.32032481246460687,0.2649505287164666,-0.03074476426569108,0.03179880215307176,-0.5612113978640183,0.1636828236069244,-0.4877498865022893]
  Distance from global minimum: 0.58336

[[Problem 10/24 (Ellipsoidal) | global minimum is 51.0300]]
[   explore   | run 1/6]  10269/20000 iterations | minimum: 243.56581, distance: 192.53581
[   explore   | run 2/6]  2542/20000 iterations | minimum: 9671.67882, distance: 9620.64882
[   explore   | run 3/6]  2955/20000 iterations | minimum: 1967.38005, distance: 1916.35005
[   explore   | run 4/6]  3535/20000 iterations | minimum: 867.83454, distance: 816.80454
[   explore   | run 5/6]  200000/200000 iterations | minimum: 62.85058, distance: 11.82058
[ refine best | run 6/6]  2501/20000 iterations | minimum: 62.85058 -> 62.85058, distance: 11.82058                                                                                                                                                  Optimized in 1016.6388 seconds
  Minimum: 62.85057630345318
  At: [1.8059700284490652,-2.934737797452485,0.9639634418439498,-0.4963867095590763,-0.5284815299147095,-1.84647046266824,-0.30903942182069755,0.7087553713629939,2.3584459983186816,-2.378363060350543,-2.625584861174786,-3.7880205927307453,3.08595230348588,-2.358403649594332,-1.2490252506918842,-2.605963171454064,-2.465009800159301,1.2271252055049944,-0.7670356164550212,-2.495451805821923,0.8971669378114723,-2.794948622186521,-2.2019460529765036,1.2915261869607284,-2.9787081548999663,1.8347152049440447,-0.36783315922472826,-1.4747483943464594,1.7198373663007132,2.4351884765388285,-2.083691518095454,0.6946056492260869,-1.0729164337335846,3.638345366014076,-2.6664174760908583,-2.8821822818144396,1.1291942106236066,-3.8754606192912076,2.5679062544257976,-0.43840718284050756]
  Distance from global minimum: 11.82058

[[Problem 11/24 (Discus) | global minimum is -96.6500]]
[   explore   | run 1/6]  8077/20000 iterations | minimum: -96.64986, distance: 0.00014
[   explore   | run 2/6]  2180/20000 iterations | minimum: 193.35350, distance: 290.00350
[   explore   | run 3/6]  2562/20000 iterations | minimum: -96.63578, distance: 0.01422
[   explore   | run 4/6]  4623/20000 iterations | minimum: -96.64754, distance: 0.00246
[   explore   | run 5/6]  67736/200000 iterations | minimum: -96.65000, distance: 0.00000
[ refine best | run 6/6]  2501/20000 iterations | minimum: -96.65000 -> -96.65000, distance: 0.00000                                                                                                                                                 Optimized in 326.7953 seconds
  Minimum: -96.64999913675015
  At: [-0.49032909996498847,3.7339163402386126,0.5319584056558306,0.20419740943374118,0.18491851458339167,3.471295577879622,-2.0311692048264334,3.590666694339442,2.8551544733875063,-3.260843695678624,-0.38950960498194503,-3.2153049867151817,-2.5013324408647266,0.9758901202413027,2.84486501333366,0.29430475778248716,3.7096739437693587,1.0193674539708437,-2.3984168185523123,1.0750540152946673,3.1800960048631235,3.3639622587759077,-1.6393041320095896,-0.6857596447955736,2.0127706694359246,1.9022688808752177,-0.6200628367843178,2.2330059538322975,2.167307915660124,-2.3843452461215886,-3.9009435350147474,-1.3799440642440675,-1.0152049623584243,0.5201563615188838,2.628711471556904,-2.5904089292156134,-0.7734420012674016,2.4029865685725555,-0.27967556804398697,2.8880827117076096]
  Distance from global minimum: 0.00000

[[Problem 12/24 (BentCigar) | global minimum is 553.3900]]
[   explore   | run 1/6]  4903/20000 iterations | minimum: 596.35076, distance: 42.96076
[   explore   | run 2/6]  2297/20000 iterations | minimum: 160353.59061, distance: 159800.20061
[   explore   | run 3/6]  2581/20000 iterations | minimum: 4199.42285, distance: 3646.03285
[   explore   | run 4/6]  4160/20000 iterations | minimum: 1123.20922, distance: 569.81922
[   explore   | run 5/6]  55531/200000 iterations | minimum: 553.60867, distance: 0.21867
[ refine best | run 6/6]  2501/20000 iterations | minimum: 553.60867 -> 553.60867, distance: 0.21867                                                                                                                                                 Optimized in 193.7046 seconds
  Minimum: 553.6086714811363
  At: [-1.3238526032723172,1.8606471783460854,-0.16094311559717456,-2.1029152478234114,-2.359829512155359,-2.428704094503462,-2.6613757652898293,-2.0531934997664725,-2.70144386791481,3.6477524714498712,-0.8184560768960626,-0.6568468895515788,1.880882000999939,3.8456313509036613,2.7845999868288334,-1.8588392778208285,0.24031281493456258,3.607467401509079,-1.3443995337194872,-1.0907849766630313,0.033496041786737006,1.8778596221223154,0.1415872551957977,-3.1037006866312193,-0.9046541849263674,-3.1789566255717445,3.0053119226239544,2.5178606281218356,-2.7854387898004216,0.4771788515864923,-2.4375911585391687,1.1712024545472652,0.06829952865317618,-2.663986117635348,-0.9654168966121551,3.5859626833584977,3.2375670726691688,1.628418814477194,0.6501016507860282,3.3812014098480967]
  Distance from global minimum: 0.21867

[[Problem 13/24 (SharpRidge) | global minimum is 9.8800]]
[   explore   | run 1/6]  5482/20000 iterations | minimum: 11.12980, distance: 1.24980
[   explore   | run 2/6]  2314/20000 iterations | minimum: 102.99940, distance: 93.11940
[   explore   | run 3/6]  2259/20000 iterations | minimum: 26.69684, distance: 16.81684
[   explore   | run 4/6]  4288/20000 iterations | minimum: 15.26709, distance: 5.38709
[   explore   | run 5/6]  67482/200000 iterations | minimum: 11.83508, distance: 1.95508
[ refine best | run 6/6]  2501/20000 iterations | minimum: 11.12980 -> 11.12980, distance: 1.24980                                                                                                                                                   Optimized in 112.1937 seconds
  Minimum: 11.129804589349602
  At: [-2.456409456288386,1.8037058967732424,2.114916486853957,2.385722613231595,0.5879390042475802,3.1930157490654123,3.6777516719311567,-0.5378302004962857,3.4874710059268756,-3.8929863450948403,-3.5219250806564792,2.947859045336847,2.028310387679035,-1.3086222385888309,2.73835395687729,-2.0426673220369858,-0.22427186351226985,-2.4408888679906044,-3.517856830606527,3.7234394982326813,1.6849743580175154,-0.7508835018106776,-2.6181801487730283,-3.238034147743178,-0.36530705650330786,-3.825651345126737,-1.426726192531879,-2.3993614316498753,1.7522149570352685,1.7397784508539478,-1.5779928063365736,-2.1146507222214317,3.863139916083719,-3.0075311827075666,2.0432851259055527,3.6183239950741566,2.5549110064942817,2.6387059013206877,1.156183051621265,-1.3241779131305929]
  Distance from global minimum: 1.24980

[[Problem 14/24 (DifferentPowers) | global minimum is 405.4700]]
[   explore   | run 1/6]  5842/20000 iterations | minimum: 405.47068, distance: 0.00068
[   explore   | run 2/6]  2611/20000 iterations | minimum: 405.56919, distance: 0.09919
[   explore   | run 3/6]  1477/20000 iterations | minimum: 405.49599, distance: 0.02599
[   explore   | run 4/6]  4542/20000 iterations | minimum: 405.47233, distance: 0.00233
[   explore   | run 5/6]  74377/200000 iterations | minimum: 405.47009, distance: 0.00009
[ refine best | run 6/6]  2501/20000 iterations | minimum: 405.47009 -> 405.47009, distance: 0.00009                                                                                                                                                 Optimized in 136.7591 seconds
  Minimum: 405.4700912215845
  At: [-3.7576925196302047,-0.6235667353903726,-3.083421475968352,-3.3042707900677963,1.7582995395249168,-0.537979875095367,-3.7721866341479156,-3.612357931733506,-2.545002583302898,2.636366278596277,-1.7742664057359447,-3.891890195641354,0.7761947841899969,-3.1227061376266287,-3.292851539635979,3.1079903728061815,-0.17564319661621403,-3.6766811297851207,-0.44846281112002584,0.3680063388868996,1.8285107346575746,-0.5684520605252708,-2.4641080516495917,2.2169293974413935,-1.3829058727429497,0.33507854141564153,1.7748649782317878,-2.2171345426863986,1.8988122345321532,1.8824647586098595,2.5830384695365276,-3.3164962524208885,3.953655209430678,2.3973270510287072,1.0164896534291297,-0.794397883945247,2.0939453187876365,1.9141821549579991,0.3001055003178565,-3.1255320044534725]
  Distance from global minimum: 0.00009

[[Problem 15/24 (RastriginMultiModal) | global minimum is 64.2500]]
[   explore   | run 1/6]  1633/20000 iterations | minimum: 955.80180, distance: 891.55180
[   explore   | run 2/6]  2546/20000 iterations | minimum: 395.81584, distance: 331.56584
[   explore   | run 3/6]  2610/20000 iterations | minimum: 868.46407, distance: 804.21407
[   explore   | run 4/6]  4913/20000 iterations | minimum: 786.49271, distance: 722.24271
[   explore   | run 5/6]  8601/200000 iterations | minimum: 1097.96830, distance: 1033.71830
[ refine best | run 6/6]  2501/20000 iterations | minimum: 395.81584 -> 395.81584, distance: 331.56584                                                                                                                                               Optimized in 294.4605 seconds
  Minimum: 395.8158416571854
  At: [1.0626123635896023,-2.0441219762152816,-1.0789739496484296,3.5512052751695444,-2.2395517289156257,3.355158811392256,1.31520697331256,1.5616051747304307,-0.36009351905644066,-2.1199618392701467,3.00669207703006,0.13679529280828306,-2.886203531226665,-3.9881976481796015,-3.3840957428697265,-0.19056166301656033,-0.9455246392314962,0.6124908159283575,0.3265057007161993,-0.9702554443241215,-3.5212702269052563,1.0285342951631309,-0.3079702665589459,0.5824488066978688,-0.16251718451235955,-3.3010004271216182,-0.7879181646180073,0.6493552012925036,-1.0411311697339078,1.1592420050381527,-2.2434660719161483,-2.465358453846893,-2.54012345422087,-1.6530625544494444,3.0196661671257132,-2.318086989576598,2.285653646764309,-3.7765901221667417,2.391686276757253,-1.1346758654619777]
  Distance from global minimum: 331.56584

[[Problem 16/24 (Weierstrass) | global minimum is -43.2800]]
[   explore   | run 1/6]  1104/20000 iterations | minimum: -19.02024, distance: 24.25976
[   explore   | run 2/6]  2259/20000 iterations | minimum: -34.32385, distance: 8.95615
[   explore   | run 3/6]  2472/20000 iterations | minimum: -37.35744, distance: 5.92256
[   explore   | run 4/6]  3319/20000 iterations | minimum: -34.78426, distance: 8.49574
[   explore   | run 5/6]  3538/200000 iterations | minimum: -11.81059, distance: 31.46941
[ refine best | run 6/6]  2501/20000 iterations | minimum: -37.35744 -> -37.35744, distance: 5.92256                                                                                                                                                 Optimized in 336.9270 seconds
  Minimum: -37.357435415236054
  At: [0.43243934584482996,-1.3384609754793868,-0.5261737662110131,-4.417818305188726,-1.2739260356239868,0.9476320838602187,1.0924863487608614,1.8798161121154289,-1.9102132031796826,1.1874498961168267,-1.6913100419866203,0.6977017300435296,-0.029076377965139205,-0.888167740638952,2.1195060894069946,-1.731066666924175,-4.17731140467063,0.9235797914664604,0.6274898061345839,-1.9456934791091334,-3.3644853475939733,1.5984511119633205,-3.44560252561077,-2.5953501391389855,1.3059298557637598,-1.6788416660478902,0.7738213783926674,-3.472050991948698,-0.8035571470724939,-0.22045901353856753,1.968164917652203,-0.9481332033760695,-1.454358489606997,-2.581368822683824,-3.1125176682780165,1.1071175209500108,-0.45258082123939786,3.8742456643375576,1.1538782607508993,0.39336518739682846]
  Distance from global minimum: 5.92256

[[Problem 17/24 (SchafferF7) | global minimum is 227.5100]]
[   explore   | run 1/6]  10550/20000 iterations | minimum: 235.99322, distance: 8.48322
[   explore   | run 2/6]  2178/20000 iterations | minimum: 235.85998, distance: 8.34998
[   explore   | run 3/6]  2767/20000 iterations | minimum: 237.95666, distance: 10.44666
[   explore   | run 4/6]  1312/20000 iterations | minimum: 237.47317, distance: 9.96317
[   explore   | run 5/6]  46046/200000 iterations | minimum: 234.96309, distance: 7.45309
[ refine best | run 6/6]  2501/20000 iterations | minimum: 234.96309 -> 234.96309, distance: 7.45309                                                                                                                                                 Optimized in 491.4535 seconds
  Minimum: 234.96309323235604
  At: [0.9101625261376926,0.0518698405276003,-1.612835269909893,-0.8131951266562205,-1.485823888359497,1.01026071776736,-1.2122365757677886,-0.11917376404849196,-0.011490899751213517,0.1837111909498755,-0.8187179833069516,-0.8460126865337749,-0.35516376656949616,-1.7793218225008571,-1.3623350022907321,0.5973150148644842,-1.2663683329069206,-1.7276197633290846,-0.3009978877587459,0.15203435612208546,1.409151573451557,1.0221801864515332,0.11994046549450058,0.28070840359549076,0.9633455251665688,-0.8510348374316861,0.09240791417340419,-0.025389453112164895,0.3302572260291818,0.8937975351671564,-1.4640096980085027,1.4587432810949574,-0.5240966495106902,-0.6359895652555335,1.5134577987981288,0.5368913981281099,-0.2663909101946373,-0.6537178530614192,-2.208002278190431,1.372257623392307]
  Distance from global minimum: 7.45309

[[Problem 18/24 (SchafferF7IllConditioned) | global minimum is 227.5100]]
[   explore   | run 1/6]  4325/20000 iterations | minimum: 253.53107, distance: 26.02107
[   explore   | run 2/6]  2485/20000 iterations | minimum: 256.22401, distance: 28.71401
[   explore   | run 3/6]  2319/20000 iterations | minimum: 256.18491, distance: 28.67491
[   explore   | run 4/6]  3654/20000 iterations | minimum: 258.71846, distance: 31.20846
[   explore   | run 5/6]  50576/200000 iterations | minimum: 268.00748, distance: 40.49748
[ refine best | run 6/6]  2501/20000 iterations | minimum: 253.53107 -> 253.53107, distance: 26.02107                                                                                                                                                Optimized in 432.4651 seconds
  Minimum: 253.53107116028937
  At: [-0.13577087931378853,-0.32891991437014695,1.9643980542537465,0.6771372733758005,-1.0799628840570634,0.33388757517469303,-0.6189321305725987,-0.7058601157861488,0.29991289420308126,2.102498605856779,-0.7024842737616019,0.43076766999005606,0.9844516525203263,-2.128611762501103,-0.2688941916893878,0.49101762193302245,-2.1704086108821627,-2.4455598945819,-1.767410008769923,0.4985114078757725,0.8289260403009964,0.9939403220265699,0.14482387181317957,2.5491074787591406,1.3577547656823723,-2.012974570784895,-0.46020561784110264,-1.0603947783089906,1.9857867853164,0.5139730046788761,0.025669633688094714,-0.3238728090560053,0.3377225573406924,-0.31383916157922276,0.903004108041481,-0.6078082014722704,-1.58200054327449,-0.06441295454716389,0.16710992310378178,0.9347569525484333]
  Distance from global minimum: 26.02107

[[Problem 19/24 (CompositeGriewankRosenbrockF8F2) | global minimum is 73.0600]]
[   explore   | run 1/6]  1281/20000 iterations | minimum: 78.10595, distance: 5.04595
[   explore   | run 2/6]  2314/20000 iterations | minimum: 78.72315, distance: 5.66315
[   explore   | run 3/6]  1673/20000 iterations | minimum: 77.84614, distance: 4.78614
[   explore   | run 4/6]  2587/20000 iterations | minimum: 77.82955, distance: 4.76955
[   explore   | run 5/6]  5723/200000 iterations | minimum: 74.81971, distance: 1.75971
[ refine best | run 6/6]  2501/20000 iterations | minimum: 74.81971 -> 74.81971, distance: 1.75971                                                                                                                                                   Optimized in 43.5244 seconds
  Minimum: 74.81970604384061
  At: [0.4096218529049917,1.7732720421573476,-0.6047370192222373,-1.050695488529248,1.5251223099704148,0.5138462865465077,0.837658129407969,0.7112789574858833,1.3202477996662485,-0.36714718599597734,0.6915741248728945,-0.2789579077228435,0.9215511628485433,0.6632127464737647,-1.3210717725673455,1.1910829628271213,1.495838516530439,-1.3927765722973167,0.6358960927970186,-0.38045468607716626,0.12854164803024712,-1.4984754566989005,-0.28547798162349275,-0.5519493080474174,0.10662239638663729,-0.42962192750669587,0.20754746347224357,2.0094209757377817,0.4406572396525744,-0.7931924864073715,-1.0876137870340805,-0.29038694854412717,-1.3489454945900512,1.1906226445076133,-0.5278773349168887,-1.0478473228728058,0.4979670000319857,2.1442861420000496,-1.24948070220084,2.103224340677744]
  Distance from global minimum: 1.75971

[[Problem 20/24 (Schwefel) | global minimum is -123.8100]]
[   explore   | run 1/6]  3111/20000 iterations | minimum: -121.53188, distance: 2.27812
[   explore   | run 2/6]  2326/20000 iterations | minimum: -121.12332, distance: 2.68668
[   explore   | run 3/6]  1704/20000 iterations | minimum: -121.42703, distance: 2.38297
[   explore   | run 4/6]  4237/20000 iterations | minimum: -121.61154, distance: 2.19846
[   explore   | run 5/6]  31642/200000 iterations | minimum: -121.64113, distance: 2.16887
[ refine best | run 6/6]  2501/20000 iterations | minimum: -121.64113 -> -121.64113, distance: 2.16887                                                                                                                                               Optimized in 190.5467 seconds
  Minimum: -121.64112570425337
  At: [0.3021441243391137,-0.898143945302692,-0.5903748335502084,-0.5425978523664001,0.3539418970846772,0.6099971140297027,-0.19344308696679352,0.36585867770881464,1.3121749892202825,-0.4607409606914287,-0.6819367508808875,-0.5269209589026199,-0.46900365479066036,-0.2851955914193189,-0.48669458283449135,0.20503961395884374,0.9799735720555575,-0.40218890739463925,0.6026685401726867,-0.4185469145095784,0.025409907322913615,-1.68292690332168,0.32273186868260934,0.7147984357160008,0.6694838088075107,0.2618491371621967,-0.4279484339314693,-0.4485497885526284,-0.936163510389827,-0.4404944702402351,0.6213933890529549,0.6313794271420801,-0.6825736700087265,0.72182528772419,0.7626310044693388,1.1520107958022965,0.7517775563183554,0.8981944421422993,0.9064557941883713,-0.9479782345465101]
  Distance from global minimum: 2.16887

[[Problem 21/24 (GallagherGaussian101MePeaks) | global minimum is -44.4200]]
[   explore   | run 1/6]  5594/20000 iterations | minimum: -42.48225, distance: 1.93775
[   explore   | run 2/6]  2371/20000 iterations | minimum: -42.45796, distance: 1.96204
[   explore   | run 3/6]  2346/20000 iterations | minimum: -42.48140, distance: 1.93860
[   explore   | run 4/6]  4836/20000 iterations | minimum: -38.17025, distance: 6.24975
[   explore   | run 5/6]  61749/200000 iterations | minimum: -42.48226, distance: 1.93774
[ refine best | run 6/6]  2501/20000 iterations | minimum: -42.48226 -> -42.48226, distance: 1.93774                                                                                                                                                 Optimized in 350.9124 seconds
  Minimum: -42.4822594628052
  At: [-0.2432294857804986,1.2362952286061495,-1.7824295086931867,-1.7437059348280726,4.205017857803214,-0.9878527680492175,-2.293432927862659,-3.9885453447631476,0.3886288014890695,2.1155159790280065,-1.6242522585346553,-3.425083481697601,-2.120242977435506,-1.9970963081697188,-4.805701269389426,-2.004939079731183,2.1550392790378092,1.3197034421426672,-0.005288997482688321,0.8586048704047563,2.025642350597929,-3.426788920677475,2.708798643384424,-0.2530015570183453,-4.801016068272606,-1.8505875781642522,0.2946897391848537,-0.7367999779181541,-0.15589135566054135,-4.952015146493033,1.5533839007735752,3.5743565619850095,2.406102060566587,-2.8688612141557304,-1.3614628948136815,0.5757805771354071,-2.143020477230272,-1.6803292546814579,-2.489725768494403,2.4451002857036634]
  Distance from global minimum: 1.93774

[[Problem 22/24 (GallagherGaussian21HiPeaks) | global minimum is 222.1000]]
[   explore   | run 1/6]  6113/20000 iterations | minimum: 224.69057, distance: 2.59057
[   explore   | run 2/6]  2620/20000 iterations | minimum: 252.32315, distance: 30.22315
[   explore   | run 3/6]  2444/20000 iterations | minimum: 224.69291, distance: 2.59291
[   explore   | run 4/6]  4406/20000 iterations | minimum: 224.69095, distance: 2.59095
[   explore   | run 5/6]  69210/200000 iterations | minimum: 224.69055, distance: 2.59055
[ refine best | run 6/6]  2501/20000 iterations | minimum: 224.69055 -> 224.69055, distance: 2.59055                                                                                                                                                 Optimized in 160.1357 seconds
  Minimum: 224.69054785900738
  At: [-1.8350722080921866,-3.0863282608679175,4.868868449440633,-3.1418583974327587,-4.289854544240187,-0.1878133752504113,0.2947977008628941,0.7892517752788435,-0.1850360800564878,3.2738130691138463,0.9591747435967434,0.7135774832217052,0.4729904039869653,1.8711363692665401,-2.5468512132834955,0.12541974782803988,-1.553662848166309,-0.09133941212886926,2.141627228157581,-1.270872024576068,0.8645173091622639,-2.207599880866426,-4.759672545713513,3.631690447961453,-0.2670662112515189,-0.009040688505846856,-2.0553021137321017,1.6482891380463187,-0.906723494601177,3.757006546497957,-2.4140275970704947,-3.881465837126849,2.4286113711778547,2.9286562840477686,3.2237293317323217,-1.1373799476868676,1.1785937102505846,-4.694620708437778,3.829964689793816,4.190616455642788]
  Distance from global minimum: 2.59055

[[Problem 23/24 (Katsuura) | global minimum is -1000.0000]]
[   explore   | run 1/6]  723/20000 iterations | minimum: -999.59486, distance: 0.40514
[   explore   | run 2/6]  3359/20000 iterations | minimum: -997.34964, distance: 2.65036
[   explore   | run 3/6]  2332/20000 iterations | minimum: -998.52792, distance: 1.47208
[   explore   | run 4/6]  3747/20000 iterations | minimum: -999.29167, distance: 0.70833
[   explore   | run 5/6]  3477/200000 iterations | minimum: -998.89129, distance: 1.10871
[ refine best | run 6/6]  2501/20000 iterations | minimum: -999.59486 -> -999.59486, distance: 0.40514                                                                                                                                               Optimized in 462.8876 seconds
  Minimum: -999.5948552886074
  At: [-1.1757911023081555,0.026412911277525864,-0.3758295040691613,2.189851037017054,0.9413430346488059,-0.5343729146590409,-0.5328832484061158,-0.770117139381684,-0.14087500925914287,-1.5426573405723714,-1.3457373501295598,-0.4188664056251847,-0.254680913903132,0.6023771018164856,-1.2391581888210907,-0.04023139569367892,-0.13911998287346772,0.13050094218578723,-0.15090076666106594,2.368678141320492,-0.8813303090117133,1.5401378309971494,1.2462133331371152,1.2467627987120427,0.7647061687300525,0.9346924660117354,-1.6950807822557972,-0.14871970684637434,-0.0040222980931243464,-1.0620839883111042,0.777027367152294,0.5934460511995912,-1.0161787175284795,-0.8514068379354549,-0.22700069833199374,-0.7928888070737199,0.016681351824680408,-0.32168140736153517,0.21915065316761628,0.5240727884223969]
  Distance from global minimum: 0.40514

[[Problem 24/24 (LunacekBiRastrigin) | global minimum is -1.3300]]
[   explore   | run 1/2]  3744/10000 iterations | minimum: 180.86505, distance: 182.19505
[ refine best | run 2/2]  2501/20000 iterations | minimum: 180.86505 -> 180.86505, distance: 182.19505                                                                                                                                               Optimized in 142.1558 seconds
  Minimum: 180.8650457944738
  At: [1.7459769427051532,2.072154906220936,-0.8390557106412434,1.6853689600413277,1.1892100740708513,-1.510178289129231,2.4496889731903684,-0.2158663843328024,0.4138911311955081,-1.0549034007611235,1.1582761220040998,1.5577347446621943,-1.09023821764466,-1.288581337263141,-1.9435749907995072,-0.5507594592432526,-1.2369361283227687,-0.03463896445417688,-1.0135451585547095,1.1417091365256746,0.4238265791338512,0.789748399764296,-2.296454725130641,1.3482053818495658,-1.6376984742243033,-0.19405548708837425,0.6369110897662272,2.1043127323297504,-0.5952055297024951,-1.4248436168665055,-2.7121985255374774,0.20409593209183116,0.7823721334600107,-1.622660147292448,-0.4018690762347688,-0.5280491548261621,-0.35382627602826,-0.36437405602583384,-0.9633875579451605,-0.972182673643289]
  Distance from global minimum: 182.19505
