-- Running firefly optimization on all 24 problems. --

[[Problem 01/24 (Sphere) | global minimum is 21.1000]]
[   explore   | run 1/10]  4658/20000 iterations | minimum: 21.10006, distance: 0.00006
[   explore   | run 2/10]  2409/20000 iterations | minimum: 21.28867, distance: 0.18867
[   explore   | run 3/10]  2451/20000 iterations | minimum: 21.10543, distance: 0.00543
[   explore   | run 4/10]  4918/20000 iterations | minimum: 21.10095, distance: 0.00095
[   explore   | run 5/10]  56746/200000 iterations | minimum: 21.10000, distance: 0.00000
[   explore   | run 6/10]  5536/20331 iterations | minimum: 21.10005, distance: 0.00005
[   explore   | run 7/10]  2594/20348 iterations | minimum: 21.10896, distance: 0.00896
[   explore   | run 8/10]  2013/20902 iterations | minimum: 21.10492, distance: 0.00492
[   explore   | run 9/10]  2271/19356 iterations | minimum: 21.10069, distance: 0.00069
[   explore   | run 10/10]  7188/190673 iterations | minimum: 21.10005, distance: 0.00005
[ refine best | run 1/2]  1001/20000 iterations | minimum: 21.10000 -> 21.10000, distance: 0.00000 -> 0.00000
[ refine best | run 2/2]  2501/20000 iterations | minimum: 21.10000 -> 21.10000, distance: 0.00000 -> 0.00000
  Optimized in 75.1655 seconds
  Minimum: 21.100000319612864
  At: [3.9846211054606586,3.7545229263668096,-1.8193397897859003,-3.1599929070458765,2.8881356649491776,2.26246020331102,3.443202293211095,-0.7113086085217042,2.6552751354793394,2.6439868547479635,-2.618323606876955,-1.9105877249135315,-1.6400
904532531115,-1.5110852054197312,1.2334878285492377,0.2544693424019817,-3.4089051565107034,3.097690893918592,1.8103706433014137,1.6879806536067767,-1.4822928138666693,-0.5855806926584857,3.20248898800074,2.4432236452630427,3.8304733263021746,1
.0423562659536691,2.647103260364108,-3.0169448750684658,-0.6504974172070506,3.5255734039080444,-2.244030073028167,-1.4064330625260781,1.3207598037984636,3.2215386052481954,1.7496503933824876,3.700916535419779,-3.7735821905963487,1.392809014359
9063,2.1209409691346237,-0.47363047686703863]
  Distance from global minimum: 0.00000

[[Problem 02/24 (SeparableEllipsoidal) | global minimum is 26.9100]]
[   explore   | run 1/5]  6393/20000 iterations | minimum: 630.81328, distance: 603.90328
[   explore   | run 2/5]  2694/20000 iterations | minimum: 14570.42475, distance: 14543.51475
[   explore   | run 3/5]  3292/20000 iterations | minimum: 2549.47922, distance: 2522.56922
[   explore   | run 4/5]  5067/20000 iterations | minimum: 1617.21723, distance: 1590.30723
[   explore   | run 5/5]  137322/200000 iterations | minimum: 43.61670, distance: 16.70670
[ refine best | run 1/2]  1001/20000 iterations | minimum: 43.61670 -> 43.61670, distance: 16.70670 -> 16.70670
[ refine best | run 2/2]  2501/20000 iterations | minimum: 43.61670 -> 43.61670, distance: 16.70670 -> 16.70670
  Optimized in 369.7018 seconds
  Minimum: 43.616700414936744
  At: [-0.1810406562828873,-0.718690383426494,0.093017378451584,-0.5929659025270682,1.8074243360220172,2.3878156440082927,0.8612310227607385,-2.476877904549717,-0.04272939387661306,3.064487992606583,-2.028940863899839,-1.1772208231596328,-3.43
8813929950839,1.1465128422728041,0.787200785592627,3.8413283030117173,1.1876717241205594,-2.002128349580269,0.49300242468160743,1.3030010909014973,-0.9475566659187049,3.320274176573451,2.3567868444342466,3.8698974977110763,1.0498813338821702,-
0.22248835520271756,0.8726370842972976,3.9792282917868764,3.1951395949105743,3.115169141708328,3.512031206951751,-2.766416182870006,-3.592015133617122,-2.8024741136034357,-1.0088258917901904,-1.8495822573982441,2.9375958557059225,0.88317407635
32607,1.1583766264340336,-1.399207233865066]
  Distance from global minimum: 16.70670

[[Problem 03/24 (Rastrigin) | global minimum is 311.6000]]
[   explore   | run 1/10]  1251/20000 iterations | minimum: 1124.51530, distance: 812.91530
[   explore   | run 2/10]  2245/20000 iterations | minimum: 896.93644, distance: 585.33644
[   explore   | run 3/10]  2795/20000 iterations | minimum: 851.80191, distance: 540.20191
[   explore   | run 4/10]  4177/20000 iterations | minimum: 924.31059, distance: 612.71059
[   explore   | run 5/10]  12029/200000 iterations | minimum: 827.97660, distance: 516.37660
[   explore   | run 6/10]  1452/20331 iterations | minimum: 947.42229, distance: 635.82229
[   explore   | run 7/10]  2497/20348 iterations | minimum: 1009.30120, distance: 697.70120
[   explore   | run 8/10]  1897/20902 iterations | minimum: 951.22745, distance: 639.62745
[   explore   | run 9/10]  1922/19356 iterations | minimum: 1099.61367, distance: 788.01367
[   explore   | run 10/10]  3011/190673 iterations | minimum: 941.44769, distance: 629.84769
[ refine best | run 1/2]  1001/20000 iterations | minimum: 827.97660 -> 827.97660, distance: 516.37660 -> 516.37660
[ refine best | run 2/2]  2501/20000 iterations | minimum: 827.97660 -> 827.97660, distance: 516.37660 -> 516.37660
  Optimized in 338.2946 seconds
  Minimum: 827.976599901363
  At: [0.5522111907092804,0.0923467692132207,-0.7741209624847527,0.6386776400857218,-0.029586011449764416,1.513207171742926,0.1633972319490259,-0.160242884971711,0.682246012591487,0.001439021915238769,0.5332781191659565,-0.0064766601689609515,-0.8108323054194333,0.7755011571363226,0.729300295499202,1.3119015371581615,-1.0303375427776968,-2.8204192278044173,0.3715617551417151,0.6986508498932922,-1.0552346224348372,-1.833787314426093,-0.37297587393906223,-0.349287342317131,1.9358629404025376,0.8728507565180402,1.3312828826249536,-0.4381742574597852,-0.021203103518577956,0.5589760428341151,-1.4104896633404125,-0.9622252885520416,-0.1026728125468671,-1.4634199732596134,-0.13064633187056512,0.583169633198188,1.1472297588518565,-1.0977888322503255,-0.09259112505858508,-0.07323078957770035]
  Distance from global minimum: 516.37660

[[Problem 04/24 (BucheRastrigin) | global minimum is 311.6000]]
[   explore   | run 1/10]  1349/20000 iterations | minimum: 971.29163, distance: 659.69163
[   explore   | run 2/10]  2216/20000 iterations | minimum: 990.95210, distance: 679.35210
[   explore   | run 3/10]  2635/20000 iterations | minimum: 1024.65683, distance: 713.05683
[   explore   | run 4/10]  4599/20000 iterations | minimum: 1065.37751, distance: 753.77751
[   explore   | run 5/10]  7555/200000 iterations | minimum: 919.51121, distance: 607.91121
[   explore   | run 6/10]  1399/20331 iterations | minimum: 964.33944, distance: 652.73944
[   explore   | run 7/10]  2454/20348 iterations | minimum: 936.71252, distance: 625.11252
[   explore   | run 8/10]  1562/20902 iterations | minimum: 1007.31061, distance: 695.71061
[   explore   | run 9/10]  3516/19356 iterations | minimum: 862.36147, distance: 550.76147
[   explore   | run 10/10]  4996/190673 iterations | minimum: 1098.67141, distance: 787.07141
[ refine best | run 1/2]  1001/20000 iterations | minimum: 862.36147 -> 862.36147, distance: 550.76147 -> 550.76147
[ refine best | run 2/2]  2501/20000 iterations | minimum: 862.36147 -> 862.36147, distance: 550.76147 -> 550.76147                                                                                                                                  Optimized in 336.6344 seconds
  Minimum: 862.3614679924461
  At: [-1.4072678418993274,1.1152300960119161,0.7865966443982774,-0.3071409020900135,0.045189767376331826,-0.8252857223978617,0.15672494350635238,1.3299091373686835,-0.2940351349788322,1.6629907759562097,1.0837005443269396,-0.04774347332922961,1.3147920089897593,0.7814649488106139,-0.7786480802558706,-0.6365849710980679,-0.08540069581651896,-0.3071882227597263,-0.3965530567897454,-1.035196295488182,-0.1460687530617161,-1.3329777989586318,-0.7262373700041597,0.5135299081298811,0.39151917316941975,0.8715296019124744,-0.3232141058941979,1.2549425155281102,0.3893175017584739,1.2347059070958561,0.11334331940585772,-0.9858498648338306,1.3973613468901325,-0.5033200476777595,-1.1185815730374786,1.5401218909737293,-0.2825389156302909,0.4509930127910314,0.6849620173801748,0.1473458090735705]
  Distance from global minimum: 550.76147

[[Problem 05/24 (LinearSlope) | global minimum is -48.4700]]
[   explore   | run 1/10]  16024/20000 iterations | minimum: -24.88985, distance: 23.58015
[   explore   | run 2/10]  4478/20000 iterations | minimum: 222.81759, distance: 271.28759
[   explore   | run 3/10]  4048/20000 iterations | minimum: -41.96690, distance: 6.50310
[   explore   | run 4/10]  4495/20000 iterations | minimum: -34.77486, distance: 13.69514
[   explore   | run 5/10]  200000/200000 iterations | minimum: -21.55804, distance: 26.91196
[   explore   | run 6/10]  507/20331 iterations | minimum: 505.25051, distance: 553.72051
[   explore   | run 7/10]  4620/20348 iterations | minimum: -38.67789, distance: 9.79211
[   explore   | run 8/10]  3710/20902 iterations | minimum: -37.18263, distance: 11.28737
[   explore   | run 9/10]  17069/19356 iterations | minimum: -40.28524, distance: 8.18476
[   explore   | run 10/10]  46038/190673 iterations | minimum: -41.75109, distance: 6.71891
[ refine best | run 1/2]  1001/20000 iterations | minimum: -41.96690 -> -41.96690, distance: 6.50310 -> 6.50310
[ refine best | run 2/2]  2501/20000 iterations | minimum: -41.96690 -> -41.96690, distance: 6.50310 -> 6.50310                                                                                                                                      Optimized in 511.7642 seconds
  Minimum: -41.96689577886483
  At: [-4.95475411650158,-3.9260659908448563,-4.950284722361616,4.446668121104475,2.4854389228124014,-4.233712799547388,-4.998791688491158,4.986423847203332,4.889751515534665,4.98919489924223,4.986904727887495,4.989261655533557,-5,-5,-5,-4.990986458099266,5,5,5,-5,-5,-5,-5,-5,-5,-4.999701312006821,4.988243312709541,5,5,-5,5,5,-5,4.996087055999785,-5,5,-4.997436487927496,-5,5,5]
  Distance from global minimum: 6.50310

[[Problem 06/24 (AttractiveSector) | global minimum is -91.3600]]
[   explore   | run 1/10]  7344/20000 iterations | minimum: -91.35749, distance: 0.00251
[   explore   | run 2/10]  2389/20000 iterations | minimum: -88.29716, distance: 3.06284
[   explore   | run 3/10]  2749/20000 iterations | minimum: -91.21344, distance: 0.14656
[   explore   | run 4/10]  4283/20000 iterations | minimum: -91.32441, distance: 0.03559
[   explore   | run 5/10]  87535/200000 iterations | minimum: -91.35997, distance: 0.00003
[   explore   | run 6/10]  7041/20331 iterations | minimum: -91.35793, distance: 0.00207
[   explore   | run 7/10]  3143/20348 iterations | minimum: -91.17229, distance: 0.18771
[   explore   | run 8/10]  2129/20902 iterations | minimum: -91.25159, distance: 0.10841
[   explore   | run 9/10]  3627/19356 iterations | minimum: -91.33563, distance: 0.02437
[   explore   | run 10/10]  10550/190673 iterations | minimum: -91.35830, distance: 0.00170
[ refine best | run 1/2]  1001/20000 iterations | minimum: -91.35997 -> -91.35997, distance: 0.00003 -> 0.00003
[ refine best | run 2/2]  2501/20000 iterations | minimum: -91.35997 -> -91.35997, distance: 0.00003 -> 0.00003                                                                                                                                      Optimized in 252.7711 seconds
  Minimum: -91.35996831336728
  At: [2.9667127430013864,3.500501613585124,3.143910493209094,-1.4130761202597633,3.4610114682745468,-1.3708397197474818,1.4110388835161516,3.3213854251588826,2.7847984347461665,-2.517074802744166,3.532711706956418,-2.05106931965281,1.0918434943129658,2.9280395279814857,-1.1620816264031562,-0.11971874737714684,-1.8244387764088699,3.32759912943131,-1.8898190707755078,-3.497180319095692,1.3536021219470213,0.1546121356057912,-2.896655275715187,-1.0876054821205603,1.3077834938827624,-2.4971440635105315,-0.823902768735497,0.24595136434024276,0.1767082109388264,-0.2944165422833501,-1.3431041748137453,-2.905389868151057,-1.4890199632503764,3.6745897740484734,-0.22115621722295611,0.6190833882692487,-3.2676267372008057,-0.11318482236169049,2.603713268063569,-3.972544145139089]
  Distance from global minimum: 0.00003

[[Problem 07/24 (StepEllipsoidal) | global minimum is 32.4900]]
[   explore   | run 1/10]  569/20000 iterations | minimum: 1667.07454, distance: 1634.58454
[   explore   | run 2/10]  3061/20000 iterations | minimum: 43.77727, distance: 11.28727
[   explore   | run 3/10]  2264/20000 iterations | minimum: 56.36591, distance: 23.87591
[   explore   | run 4/10]  1117/20000 iterations | minimum: 969.50311, distance: 937.01311
[   explore   | run 5/10]  2136/200000 iterations | minimum: 1660.54619, distance: 1628.05619
[   explore   | run 6/10]  587/20331 iterations | minimum: 1121.10077, distance: 1088.61077
[   explore   | run 7/10]  2243/20348 iterations | minimum: 845.95391, distance: 813.46391
[   explore   | run 8/10]  1138/20902 iterations | minimum: 912.88033, distance: 880.39033
[   explore   | run 9/10]  1142/19356 iterations | minimum: 1006.61328, distance: 974.12328
[   explore   | run 10/10]  2176/190673 iterations | minimum: 1723.65505, distance: 1691.16505
[ refine best | run 1/2]  1001/20000 iterations | minimum: 43.77727 -> 43.77727, distance: 11.28727 -> 11.28727
[ refine best | run 2/2]  2501/20000 iterations | minimum: 43.77727 -> 43.77727, distance: 11.28727 -> 11.28727                                                                                                                                      Optimized in 55.9909 seconds
  Minimum: 43.77727466791278
  At: [2.6782852784559967,0.08011091571049632,-3.296309675041585,0.29675575904948176,-2.3306288044810586,3.0428491100253923,-2.5816782595222665,1.5324726241020303,-3.343993409935665,-0.6787948595647818,1.627544062392716,0.7260630886963129,-1.357802926183295,1.1609641333826712,2.472070432698497,2.3866261782608227,-0.3394057167579613,3.7807780007430543,0.08074088385472668,-1.9761079921849634,-1.206201988597646,2.110413875204481,2.5426069296136515,-3.1402984463532855,1.6164735409973123,-2.7588023411439875,1.2054421770853125,-1.2574241673437137,0.09263169535204908,2.5746730561922453,1.6127783166648153,-0.00020844362409808137,3.5746216604583494,4.351718135807512,2.3867027692300247,-2.485897655043907,-1.1325518289444974,-1.1611205169228203,2.3722134498152894,-0.42855024518161133]
  Distance from global minimum: 11.28727

[[Problem 08/24 (RosenbrockFunction) | global minimum is 71.6000]]
[   explore   | run 1/10]  17224/20000 iterations | minimum: 72.16905, distance: 0.56905
[   explore   | run 2/10]  2309/20000 iterations | minimum: 128.22848, distance: 56.62848
[   explore   | run 3/10]  2519/20000 iterations | minimum: 158.49273, distance: 86.89273
[   explore   | run 4/10]  5838/20000 iterations | minimum: 150.77558, distance: 79.17558
[   explore   | run 5/10]  107165/200000 iterations | minimum: 71.61275, distance: 0.01275
[   explore   | run 6/10]  8810/20331 iterations | minimum: 71.63633, distance: 0.03633
[   explore   | run 7/10]  2550/20348 iterations | minimum: 161.15479, distance: 89.55479
[   explore   | run 8/10]  1756/20902 iterations | minimum: 154.29428, distance: 82.69428
[   explore   | run 9/10]  5670/19356 iterations | minimum: 146.50217, distance: 74.90217
[   explore   | run 10/10]  13070/190673 iterations | minimum: 71.68736, distance: 0.08736
[ refine best | run 1/2]  1001/20000 iterations | minimum: 71.61275 -> 71.61275, distance: 0.01275 -> 0.01275
[ refine best | run 2/2]  2501/20000 iterations | minimum: 71.61275 -> 71.61275, distance: 0.01275 -> 0.01275                                                                                                                                        Optimized in 234.2186 seconds
  Minimum: 71.61275252509026
  At: [-2.031688480799349,-0.5172498407853772,-0.14586174540346478,2.7857578520575963,1.5744588739552354,-2.1075336573519716,-2.8775530895757804,-1.611543307206638,0.7920551377444095,2.9981002403466275,1.3462856929759681,-0.5461442912231732,1.133440804039331,-0.7884076147890046,-1.0980125876755447,-0.9894836356369413,2.97827410474181,-0.07010697988805793,0.4110689813374582,-0.2087395411523748,-0.6844735640517651,2.0316733823430497,-2.564859746660764,-1.907976287171103,-2.097088998078402,-0.5989149101783907,-1.8192807612418493,-0.0480653486902009,-1.9805970697329627,1.9150145615619283,0.3283333340500843,-1.8200209492983512,-1.8664800079695225,-2.784828247879794,-1.5806718976003422,1.8433546250512745,-1.1972985795604099,1.0505992986127004,0.9953372234002529,0.5121750613525775]
  Distance from global minimum: 0.01275

[[Problem 09/24 (RosenbrockFunctionRotated) | global minimum is -356.7000]]
[   explore   | run 1/10]  11889/20000 iterations | minimum: -356.11664, distance: 0.58336
[   explore   | run 2/10]  2675/20000 iterations | minimum: -238.13644, distance: 118.56356
[   explore   | run 3/10]  2497/20000 iterations | minimum: -319.78196, distance: 36.91804
[   explore   | run 4/10]  6100/20000 iterations | minimum: -280.15181, distance: 76.54819
[   explore   | run 5/10]  110672/200000 iterations | minimum: -352.70480, distance: 3.99520
[   explore   | run 6/10]  14546/20331 iterations | minimum: -356.22971, distance: 0.47029
[   explore   | run 7/10]  2443/20348 iterations | minimum: -317.63167, distance: 39.06833
[   explore   | run 8/10]  2063/20902 iterations | minimum: -273.11689, distance: 83.58311
[   explore   | run 9/10]  3081/19356 iterations | minimum: -317.33972, distance: 39.36028
[   explore   | run 10/10]  22612/190673 iterations | minimum: -352.24659, distance: 4.45341
[ refine best | run 1/2]  1001/20000 iterations | minimum: -356.22971 -> -356.22971, distance: 0.47029 -> 0.47029
[ refine best | run 2/2]  2501/20000 iterations | minimum: -356.22971 -> -356.22971, distance: 0.47029 -> 0.47029                                                                                                                                    Optimized in 443.6650 seconds
  Minimum: -356.22970979770827
  At: [0.523842287377471,-0.697479190228437,0.12451182658849047,-0.04454623921583658,0.654375951313715,0.3336137557845847,0.5279013918719753,-0.137105160418004,0.5375476026298773,-0.08029317036150815,0.36930187013183874,0.6363750207900564,0.5121235813658903,0.7870796775412732,-0.48582977368765884,0.8010489375762075,-0.012205530665327638,0.49885613507505133,-0.3402426971686682,0.06457838787754726,0.03310002848897156,-0.36589672931859635,0.7662846962399528,-0.7522140925977953,-0.03226065907132495,0.021423989095508127,0.9703384557181569,-0.7013462293772919,-0.1377906555189047,-0.6867368613119201,-0.3988323693890883,0.517768476673521,-0.17809864093930275,0.3236221553637539,0.2752220744015436,-0.019942205943053834,0.04518185537571951,-0.5822656836105675,0.1648595307570231,-0.5096905276079066]
  Distance from global minimum: 0.47029

[[Problem 10/24 (Ellipsoidal) | global minimum is 51.0300]]
[   explore   | run 1/10]  10269/20000 iterations | minimum: 243.56581, distance: 192.53581
[   explore   | run 2/10]  2542/20000 iterations | minimum: 9671.67882, distance: 9620.64882
[   explore   | run 3/10]  2955/20000 iterations | minimum: 1967.38005, distance: 1916.35005
[   explore   | run 4/10]  3535/20000 iterations | minimum: 867.83454, distance: 816.80454
[   explore   | run 5/10]  200000/200000 iterations | minimum: 62.85058, distance: 11.82058
[   explore   | run 6/10]  8231/20331 iterations | minimum: 439.51801, distance: 388.48801
[   explore   | run 7/10]  3298/20348 iterations | minimum: 1685.60018, distance: 1634.57018
[   explore   | run 8/10]  3114/20902 iterations | minimum: 999.50466, distance: 948.47466
[   explore   | run 9/10]  11149/19356 iterations | minimum: 492.60842, distance: 441.57842
[   explore   | run 10/10]  23333/190673 iterations | minimum: 346.99002, distance: 295.96002
[ refine best | run 1/2]  1001/20000 iterations | minimum: 62.85058 -> 62.85058, distance: 11.82058 -> 11.82058
[ refine best | run 2/2]  2501/20000 iterations | minimum: 62.85058 -> 62.85058, distance: 11.82058 -> 11.82058                                                                                                                                      Optimized in 1384.1965 seconds
  Minimum: 62.85057630345318
  At: [1.8059700284490652,-2.934737797452485,0.9639634418439498,-0.4963867095590763,-0.5284815299147095,-1.84647046266824,-0.30903942182069755,0.7087553713629939,2.3584459983186816,-2.378363060350543,-2.625584861174786,-3.7880205927307453,3.08595230348588,-2.358403649594332,-1.2490252506918842,-2.605963171454064,-2.465009800159301,1.2271252055049944,-0.7670356164550212,-2.495451805821923,0.8971669378114723,-2.794948622186521,-2.2019460529765036,1.2915261869607284,-2.9787081548999663,1.8347152049440447,-0.36783315922472826,-1.4747483943464594,1.7198373663007132,2.4351884765388285,-2.083691518095454,0.6946056492260869,-1.0729164337335846,3.638345366014076,-2.6664174760908583,-2.8821822818144396,1.1291942106236066,-3.8754606192912076,2.5679062544257976,-0.43840718284050756]
  Distance from global minimum: 11.82058

[[Problem 11/24 (Discus) | global minimum is -96.6500]]
[   explore   | run 1/10]  8077/20000 iterations | minimum: -96.64986, distance: 0.00014
[   explore   | run 2/10]  2180/20000 iterations | minimum: 193.35350, distance: 290.00350
[   explore   | run 3/10]  2562/20000 iterations | minimum: -96.63578, distance: 0.01422
[   explore   | run 4/10]  4623/20000 iterations | minimum: -96.64754, distance: 0.00246
[   explore   | run 5/10]  67736/200000 iterations | minimum: -96.65000, distance: 0.00000
[   explore   | run 6/10]  9126/20331 iterations | minimum: -96.64986, distance: 0.00014
[   explore   | run 7/10]  3380/20348 iterations | minimum: -96.62029, distance: 0.02971
[   explore   | run 8/10]  2260/20902 iterations | minimum: -96.63464, distance: 0.01536
[   explore   | run 9/10]  6341/19356 iterations | minimum: -96.64796, distance: 0.00204
[   explore   | run 10/10]  13000/190673 iterations | minimum: -96.64990, distance: 0.00010
[ refine best | run 1/2]  1001/20000 iterations | minimum: -96.65000 -> -96.65000, distance: 0.00000 -> 0.00000
[ refine best | run 2/2]  2501/20000 iterations | minimum: -96.65000 -> -96.65000, distance: 0.00000 -> 0.00000                                                                                                                                      Optimized in 511.8232 seconds
  Minimum: -96.64999913675015
  At: [-0.49032909996498847,3.7339163402386126,0.5319584056558306,0.20419740943374118,0.18491851458339167,3.471295577879622,-2.0311692048264334,3.590666694339442,2.8551544733875063,-3.260843695678624,-0.38950960498194503,-3.2153049867151817,-2.5013324408647266,0.9758901202413027,2.84486501333366,0.29430475778248716,3.7096739437693587,1.0193674539708437,-2.3984168185523123,1.0750540152946673,3.1800960048631235,3.3639622587759077,-1.6393041320095896,-0.6857596447955736,2.0127706694359246,1.9022688808752177,-0.6200628367843178,2.2330059538322975,2.167307915660124,-2.3843452461215886,-3.9009435350147474,-1.3799440642440675,-1.0152049623584243,0.5201563615188838,2.628711471556904,-2.5904089292156134,-0.7734420012674016,2.4029865685725555,-0.27967556804398697,2.8880827117076096]
  Distance from global minimum: 0.00000

[[Problem 12/24 (BentCigar) | global minimum is 553.3900]]
[   explore   | run 1/10]  4903/20000 iterations | minimum: 596.35076, distance: 42.96076
[   explore   | run 2/10]  2297/20000 iterations | minimum: 160353.59061, distance: 159800.20061
[   explore   | run 3/10]  2581/20000 iterations | minimum: 4199.42285, distance: 3646.03285
[   explore   | run 4/10]  4160/20000 iterations | minimum: 1123.20922, distance: 569.81922
[   explore   | run 5/10]  55531/200000 iterations | minimum: 553.60867, distance: 0.21867
[   explore   | run 6/10]  5008/20331 iterations | minimum: 599.43615, distance: 46.04615
[   explore   | run 7/10]  2682/20348 iterations | minimum: 7876.53522, distance: 7323.14522
[   explore   | run 8/10]  2147/20902 iterations | minimum: 4331.86305, distance: 3778.47305
[   explore   | run 9/10]  2825/19356 iterations | minimum: 1140.89990, distance: 587.50990
[   explore   | run 10/10]  8319/190673 iterations | minimum: 589.04746, distance: 35.65746
[ refine best | run 1/2]  1001/20000 iterations | minimum: 553.60867 -> 553.60867, distance: 0.21867 -> 0.21867
[ refine best | run 2/2]  2501/20000 iterations | minimum: 553.60867 -> 553.60867, distance: 0.21867 -> 0.21867                                                                                                                                      Optimized in 312.1121 seconds
  Minimum: 553.6086714811363
  At: [-1.3238526032723172,1.8606471783460854,-0.16094311559717456,-2.1029152478234114,-2.359829512155359,-2.428704094503462,-2.6613757652898293,-2.0531934997664725,-2.70144386791481,3.6477524714498712,-0.8184560768960626,-0.6568468895515788,1.880882000999939,3.8456313509036613,2.7845999868288334,-1.8588392778208285,0.24031281493456258,3.607467401509079,-1.3443995337194872,-1.0907849766630313,0.033496041786737006,1.8778596221223154,0.1415872551957977,-3.1037006866312193,-0.9046541849263674,-3.1789566255717445,3.0053119226239544,2.5178606281218356,-2.7854387898004216,0.4771788515864923,-2.4375911585391687,1.1712024545472652,0.06829952865317618,-2.663986117635348,-0.9654168966121551,3.5859626833584977,3.2375670726691688,1.628418814477194,0.6501016507860282,3.3812014098480967]
  Distance from global minimum: 0.21867

[[Problem 13/24 (SharpRidge) | global minimum is 9.8800]]
[   explore   | run 1/10]  5482/20000 iterations | minimum: 11.12980, distance: 1.24980
[   explore   | run 2/10]  2314/20000 iterations | minimum: 102.99940, distance: 93.11940
[   explore   | run 3/10]  2259/20000 iterations | minimum: 26.69684, distance: 16.81684
[   explore   | run 4/10]  4288/20000 iterations | minimum: 15.26709, distance: 5.38709
[   explore   | run 5/10]  67482/200000 iterations | minimum: 11.83508, distance: 1.95508
[   explore   | run 6/10]  5666/20331 iterations | minimum: 14.09609, distance: 4.21609
[   explore   | run 7/10]  2630/20348 iterations | minimum: 27.24162, distance: 17.36162
[   explore   | run 8/10]  2076/20902 iterations | minimum: 23.59878, distance: 13.71878
[   explore   | run 9/10]  3840/19356 iterations | minimum: 17.92179, distance: 8.04179
[   explore   | run 10/10]  8733/190673 iterations | minimum: 13.00079, distance: 3.12079
[ refine best | run 1/2]  1001/20000 iterations | minimum: 11.12980 -> 11.12980, distance: 1.24980 -> 1.24980
[ refine best | run 2/2]  2501/20000 iterations | minimum: 11.12980 -> 11.12980, distance: 1.24980 -> 1.24980                                                                                                                                        Optimized in 178.4001 seconds
  Minimum: 11.129804589349602
  At: [-2.456409456288386,1.8037058967732424,2.114916486853957,2.385722613231595,0.5879390042475802,3.1930157490654123,3.6777516719311567,-0.5378302004962857,3.4874710059268756,-3.8929863450948403,-3.5219250806564792,2.947859045336847,2.028310387679035,-1.3086222385888309,2.73835395687729,-2.0426673220369858,-0.22427186351226985,-2.4408888679906044,-3.517856830606527,3.7234394982326813,1.6849743580175154,-0.7508835018106776,-2.6181801487730283,-3.238034147743178,-0.36530705650330786,-3.825651345126737,-1.426726192531879,-2.3993614316498753,1.7522149570352685,1.7397784508539478,-1.5779928063365736,-2.1146507222214317,3.863139916083719,-3.0075311827075666,2.0432851259055527,3.6183239950741566,2.5549110064942817,2.6387059013206877,1.156183051621265,-1.3241779131305929]
  Distance from global minimum: 1.24980

[[Problem 14/24 (DifferentPowers) | global minimum is 405.4700]]
[   explore   | run 1/10]  5842/20000 iterations | minimum: 405.47068, distance: 0.00068
[   explore   | run 2/10]  2611/20000 iterations | minimum: 405.56919, distance: 0.09919
[   explore   | run 3/10]  1477/20000 iterations | minimum: 405.49599, distance: 0.02599
[   explore   | run 4/10]  4542/20000 iterations | minimum: 405.47233, distance: 0.00233
[   explore   | run 5/10]  74377/200000 iterations | minimum: 405.47009, distance: 0.00009
[   explore   | run 6/10]  5678/20331 iterations | minimum: 405.47088, distance: 0.00088
[   explore   | run 7/10]  2696/20348 iterations | minimum: 405.48500, distance: 0.01500
[   explore   | run 8/10]  2100/20902 iterations | minimum: 405.47881, distance: 0.00881
[   explore   | run 9/10]  3488/19356 iterations | minimum: 405.47332, distance: 0.00332
[   explore   | run 10/10]  9234/190673 iterations | minimum: 405.47068, distance: 0.00068
[ refine best | run 1/2]  1001/20000 iterations | minimum: 405.47009 -> 405.47009, distance: 0.00009 -> 0.00009
[ refine best | run 2/2]  2501/20000 iterations | minimum: 405.47009 -> 405.47009, distance: 0.00009 -> 0.00009                                                                                                                                      Optimized in 203.4227 seconds
  Minimum: 405.4700912215845
  At: [-3.7576925196302047,-0.6235667353903726,-3.083421475968352,-3.3042707900677963,1.7582995395249168,-0.537979875095367,-3.7721866341479156,-3.612357931733506,-2.545002583302898,2.636366278596277,-1.7742664057359447,-3.891890195641354,0.7761947841899969,-3.1227061376266287,-3.292851539635979,3.1079903728061815,-0.17564319661621403,-3.6766811297851207,-0.44846281112002584,0.3680063388868996,1.8285107346575746,-0.5684520605252708,-2.4641080516495917,2.2169293974413935,-1.3829058727429497,0.33507854141564153,1.7748649782317878,-2.2171345426863986,1.8988122345321532,1.8824647586098595,2.5830384695365276,-3.3164962524208885,3.953655209430678,2.3973270510287072,1.0164896534291297,-0.794397883945247,2.0939453187876365,1.9141821549579991,0.3001055003178565,-3.1255320044534725]
  Distance from global minimum: 0.00009

[[Problem 15/24 (RastriginMultiModal) | global minimum is 64.2500]]
[   explore   | run 1/10]  1633/20000 iterations | minimum: 955.80180, distance: 891.55180
[   explore   | run 2/10]  2546/20000 iterations | minimum: 395.81584, distance: 331.56584
[   explore   | run 3/10]  2610/20000 iterations | minimum: 868.46407, distance: 804.21407
[   explore   | run 4/10]  4913/20000 iterations | minimum: 786.49271, distance: 722.24271
[   explore   | run 5/10]  8601/200000 iterations | minimum: 1097.96830, distance: 1033.71830
[   explore   | run 6/10]  1598/20331 iterations | minimum: 831.39876, distance: 767.14876
[   explore   | run 7/10]  2818/20348 iterations | minimum: 174.72083, distance: 110.47083
[   explore   | run 8/10]  1849/20902 iterations | minimum: 977.85916, distance: 913.60916
[   explore   | run 9/10]  2286/19356 iterations | minimum: 1162.50293, distance: 1098.25293
[   explore   | run 10/10]  4976/190673 iterations | minimum: 934.90194, distance: 870.65194
[ refine best | run 1/2]  1001/20000 iterations | minimum: 174.72083 -> 174.72083, distance: 110.47083 -> 110.47083
[ refine best | run 2/2]  2501/20000 iterations | minimum: 174.72083 -> 174.72083, distance: 110.47083 -> 110.47083                                                                                                                                  Optimized in 500.7431 seconds
  Minimum: 174.72083377426304
  At: [1.8860008350214583,-0.44230618110274855,-2.591321753890534,3.691365569824317,-1.0277681566709789,4.22395487173725,2.6460364361513733,-0.05472454835406778,-2.223542379408685,0.6723080894433909,2.98847850112028,-0.5995490205714407,-0.611980737457434,-1.9850686774160482,-2.6537938489649693,0.15251309704688398,-1.959998076620561,2.651655817820116,2.6858774227961915,-0.5291413202911546,-1.685726553407474,1.7920423888656782,-0.9565961246074292,1.990881029201335,-0.1388986996935428,-2.204315417003175,-1.2935031390606755,0.35291488297230267,-2.4271517805985203,2.377659752296732,-0.49823271796637697,-2.133942613538891,-1.4207067911810425,0.9999101228775877,0.43644300741465986,-2.947158178844647,0.369194192262125,-3.1941556188551576,1.3975092377539504,-1.7631586464568545]
  Distance from global minimum: 110.47083

[[Problem 16/24 (Weierstrass) | global minimum is -43.2800]]
[   explore   | run 1/10]  1104/20000 iterations | minimum: -19.02024, distance: 24.25976
[   explore   | run 2/10]  2259/20000 iterations | minimum: -34.32385, distance: 8.95615
[   explore   | run 3/10]  2472/20000 iterations | minimum: -37.35744, distance: 5.92256
[   explore   | run 4/10]  3319/20000 iterations | minimum: -34.78426, distance: 8.49574
[   explore   | run 5/10]  3538/200000 iterations | minimum: -11.81059, distance: 31.46941
[   explore   | run 6/10]  1956/20331 iterations | minimum: -6.45785, distance: 36.82215
[   explore   | run 7/10]  2302/20348 iterations | minimum: -23.64652, distance: 19.63348
[   explore   | run 8/10]  1369/20902 iterations | minimum: -26.71048, distance: 16.56952
[   explore   | run 9/10]  2281/19356 iterations | minimum: -25.76548, distance: 17.51452
[   explore   | run 10/10]  2790/190673 iterations | minimum: -17.14037, distance: 26.13963
[ refine best | run 1/2]  1001/20000 iterations | minimum: -37.35744 -> -37.35744, distance: 5.92256 -> 5.92256
[ refine best | run 2/2]  2501/20000 iterations | minimum: -37.35744 -> -37.35744, distance: 5.92256 -> 5.92256                                                                                                                                      Optimized in 593.8065 seconds
  Minimum: -37.357435415236054
  At: [0.43243934584482996,-1.3384609754793868,-0.5261737662110131,-4.417818305188726,-1.2739260356239868,0.9476320838602187,1.0924863487608614,1.8798161121154289,-1.9102132031796826,1.1874498961168267,-1.6913100419866203,0.6977017300435296,-0.029076377965139205,-0.888167740638952,2.1195060894069946,-1.731066666924175,-4.17731140467063,0.9235797914664604,0.6274898061345839,-1.9456934791091334,-3.3644853475939733,1.5984511119633205,-3.44560252561077,-2.5953501391389855,1.3059298557637598,-1.6788416660478902,0.7738213783926674,-3.472050991948698,-0.8035571470724939,-0.22045901353856753,1.968164917652203,-0.9481332033760695,-1.454358489606997,-2.581368822683824,-3.1125176682780165,1.1071175209500108,-0.45258082123939786,3.8742456643375576,1.1538782607508993,0.39336518739682846]
  Distance from global minimum: 5.92256

[[Problem 17/24 (SchafferF7) | global minimum is 227.5100]]
[   explore   | run 1/10]  10550/20000 iterations | minimum: 235.99322, distance: 8.48322
[   explore   | run 2/10]  2178/20000 iterations | minimum: 235.85998, distance: 8.34998
[   explore   | run 3/10]  2767/20000 iterations | minimum: 237.95666, distance: 10.44666
[   explore   | run 4/10]  1312/20000 iterations | minimum: 237.47317, distance: 9.96317
[   explore   | run 5/10]  46046/200000 iterations | minimum: 234.96309, distance: 7.45309
[   explore   | run 6/10]  5699/20331 iterations | minimum: 235.81686, distance: 8.30686
[   explore   | run 7/10]  2414/20348 iterations | minimum: 234.30358, distance: 6.79358
[   explore   | run 8/10]  1539/20902 iterations | minimum: 236.52284, distance: 9.01284
[   explore   | run 9/10]  12529/19356 iterations | minimum: 234.30371, distance: 6.79371
[   explore   | run 10/10]  7519/190673 iterations | minimum: 234.37029, distance: 6.86029
[ refine best | run 1/2]  1001/20000 iterations | minimum: 234.30358 -> 234.30358, distance: 6.79358 -> 6.79358
[ refine best | run 2/2]  2501/20000 iterations | minimum: 234.30358 -> 234.30358, distance: 6.79358 -> 6.79358                                                                                                                                      Optimized in 864.2442 seconds
  Minimum: 234.30358166257568
  At: [2.6242903210957507,2.4026717905198343,-0.3306141834855044,0.8787750643696484,-1.8346710240720185,1.0247635729026086,0.829815644911125,1.6443475328423895,-3.001229117309411,-0.3164050840501355,-1.0163524001479856,0.09535758607216234,0.6357022258428437,-0.4873167812585411,1.4519955449992676,0.17077413497182617,-1.2206207139645107,-1.5810777884443623,-0.48618078896851546,0.5263641193232862,0.8150360217653185,2.1663080014611054,0.11198131894375175,1.8562244780428085,0.42003667771758013,-3.1820761688270607,-0.2352538049252865,-1.3748501815813352,0.45024386501945324,-0.01909806936045507,-0.5939701833907046,0.9315950609893999,-0.1782582732664305,-0.718736476904216,0.5263186664903007,1.3278048619038862,-2.882798979006155,-0.6552681107288464,-2.3206842854900818,-1.0626883127651376]
  Distance from global minimum: 6.79358

[[Problem 18/24 (SchafferF7IllConditioned) | global minimum is 227.5100]]
[   explore   | run 1/10]  4325/20000 iterations | minimum: 253.53107, distance: 26.02107
[   explore   | run 2/10]  2485/20000 iterations | minimum: 256.22401, distance: 28.71401
[   explore   | run 3/10]  2319/20000 iterations | minimum: 256.18491, distance: 28.67491
[   explore   | run 4/10]  3654/20000 iterations | minimum: 258.71846, distance: 31.20846
[   explore   | run 5/10]  50576/200000 iterations | minimum: 268.00748, distance: 40.49748
[   explore   | run 6/10]  5901/20331 iterations | minimum: 257.73750, distance: 30.22750
[   explore   | run 7/10]  2476/20348 iterations | minimum: 264.75253, distance: 37.24253
[   explore   | run 8/10]  2180/20902 iterations | minimum: 261.35757, distance: 33.84757
[   explore   | run 9/10]  7250/19356 iterations | minimum: 257.92768, distance: 30.41768
[   explore   | run 10/10]  25121/190673 iterations | minimum: 261.34351, distance: 33.83351
[ refine best | run 1/2]  1001/20000 iterations | minimum: 253.53107 -> 253.53107, distance: 26.02107 -> 26.02107
[ refine best | run 2/2]  2501/20000 iterations | minimum: 253.53107 -> 253.53107, distance: 26.02107 -> 26.02107                                                                                                                                    Optimized in 824.8607 seconds
  Minimum: 253.53107116028937
  At: [-0.13577087931378853,-0.32891991437014695,1.9643980542537465,0.6771372733758005,-1.0799628840570634,0.33388757517469303,-0.6189321305725987,-0.7058601157861488,0.29991289420308126,2.102498605856779,-0.7024842737616019,0.43076766999005606,0.9844516525203263,-2.128611762501103,-0.2688941916893878,0.49101762193302245,-2.1704086108821627,-2.4455598945819,-1.767410008769923,0.4985114078757725,0.8289260403009964,0.9939403220265699,0.14482387181317957,2.5491074787591406,1.3577547656823723,-2.012974570784895,-0.46020561784110264,-1.0603947783089906,1.9857867853164,0.5139730046788761,0.025669633688094714,-0.3238728090560053,0.3377225573406924,-0.31383916157922276,0.903004108041481,-0.6078082014722704,-1.58200054327449,-0.06441295454716389,0.16710992310378178,0.9347569525484333]
  Distance from global minimum: 26.02107

[[Problem 19/24 (CompositeGriewankRosenbrockF8F2) | global minimum is 73.0600]]
[   explore   | run 1/10]  1281/20000 iterations | minimum: 78.10595, distance: 5.04595
[   explore   | run 2/10]  2314/20000 iterations | minimum: 78.72315, distance: 5.66315
[   explore   | run 3/10]  1673/20000 iterations | minimum: 77.84614, distance: 4.78614
[   explore   | run 4/10]  2587/20000 iterations | minimum: 77.82955, distance: 4.76955
[   explore   | run 5/10]  5723/200000 iterations | minimum: 74.81971, distance: 1.75971
[   explore   | run 6/10]  1039/20331 iterations | minimum: 75.33107, distance: 2.27107
[   explore   | run 7/10]  2238/20348 iterations | minimum: 77.94667, distance: 4.88667
[   explore   | run 8/10]  1223/20902 iterations | minimum: 78.81957, distance: 5.75957
[   explore   | run 9/10]  1554/19356 iterations | minimum: 77.94957, distance: 4.88957
[   explore   | run 10/10]  2821/190673 iterations | minimum: 79.01982, distance: 5.95982
[ refine best | run 1/2]  1001/20000 iterations | minimum: 74.81971 -> 74.81971, distance: 1.75971 -> 1.75971
[ refine best | run 2/2]  2501/20000 iterations | minimum: 74.81971 -> 74.81971, distance: 1.75971 -> 1.75971                                                                                                                                        Optimized in 73.9137 seconds
  Minimum: 74.81970604384061
  At: [0.4096218529049917,1.7732720421573476,-0.6047370192222373,-1.050695488529248,1.5251223099704148,0.5138462865465077,0.837658129407969,0.7112789574858833,1.3202477996662485,-0.36714718599597734,0.6915741248728945,-0.2789579077228435,0.9215511628485433,0.6632127464737647,-1.3210717725673455,1.1910829628271213,1.495838516530439,-1.3927765722973167,0.6358960927970186,-0.38045468607716626,0.12854164803024712,-1.4984754566989005,-0.28547798162349275,-0.5519493080474174,0.10662239638663729,-0.42962192750669587,0.20754746347224357,2.0094209757377817,0.4406572396525744,-0.7931924864073715,-1.0876137870340805,-0.29038694854412717,-1.3489454945900512,1.1906226445076133,-0.5278773349168887,-1.0478473228728058,0.4979670000319857,2.1442861420000496,-1.24948070220084,2.103224340677744]
  Distance from global minimum: 1.75971

[[Problem 20/24 (Schwefel) | global minimum is -123.8100]]
[   explore   | run 1/10]  3111/20000 iterations | minimum: -121.53188, distance: 2.27812
[   explore   | run 2/10]  2326/20000 iterations | minimum: -121.12332, distance: 2.68668
[   explore   | run 3/10]  1704/20000 iterations | minimum: -121.42703, distance: 2.38297
[   explore   | run 4/10]  4237/20000 iterations | minimum: -121.61154, distance: 2.19846
[   explore   | run 5/10]  31642/200000 iterations | minimum: -121.64113, distance: 2.16887
[   explore   | run 6/10]  2442/20331 iterations | minimum: -121.18537, distance: 2.62463
[   explore   | run 7/10]  2772/20348 iterations | minimum: -121.08355, distance: 2.72645
[   explore   | run 8/10]  1408/20902 iterations | minimum: -120.88995, distance: 2.92005
[   explore   | run 9/10]  3006/19356 iterations | minimum: -121.34672, distance: 2.46328
[   explore   | run 10/10]  6705/190673 iterations | minimum: -121.39799, distance: 2.41201
[ refine best | run 1/2]  1001/20000 iterations | minimum: -121.64113 -> -121.64113, distance: 2.16887 -> 2.16887
[ refine best | run 2/2]  2501/20000 iterations | minimum: -121.64113 -> -121.64113, distance: 2.16887 -> 2.16887                                                                                                                                    Optimized in 284.1321 seconds
  Minimum: -121.64112570425337
  At: [0.3021441243391137,-0.898143945302692,-0.5903748335502084,-0.5425978523664001,0.3539418970846772,0.6099971140297027,-0.19344308696679352,0.36585867770881464,1.3121749892202825,-0.4607409606914287,-0.6819367508808875,-0.5269209589026199,-0.46900365479066036,-0.2851955914193189,-0.48669458283449135,0.20503961395884374,0.9799735720555575,-0.40218890739463925,0.6026685401726867,-0.4185469145095784,0.025409907322913615,-1.68292690332168,0.32273186868260934,0.7147984357160008,0.6694838088075107,0.2618491371621967,-0.4279484339314693,-0.4485497885526284,-0.936163510389827,-0.4404944702402351,0.6213933890529549,0.6313794271420801,-0.6825736700087265,0.72182528772419,0.7626310044693388,1.1520107958022965,0.7517775563183554,0.8981944421422993,0.9064557941883713,-0.9479782345465101]
  Distance from global minimum: 2.16887

[[Problem 21/24 (GallagherGaussian101MePeaks) | global minimum is -44.4200]]
[   explore   | run 1/10]  5594/20000 iterations | minimum: -42.48225, distance: 1.93775
[   explore   | run 2/10]  2371/20000 iterations | minimum: -42.45796, distance: 1.96204
[   explore   | run 3/10]  2346/20000 iterations | minimum: -42.48140, distance: 1.93860
[   explore   | run 4/10]  4836/20000 iterations | minimum: -38.17025, distance: 6.24975
[   explore   | run 5/10]  61749/200000 iterations | minimum: -42.48226, distance: 1.93774
[   explore   | run 6/10]  5794/20331 iterations | minimum: -42.48225, distance: 1.93775
[   explore   | run 7/10]  2589/20348 iterations | minimum: -38.16639, distance: 6.25361
[   explore   | run 8/10]  1788/20902 iterations | minimum: -43.72589, distance: 0.69411
[   explore   | run 9/10]  2990/19356 iterations | minimum: -38.17031, distance: 6.24969
[   explore   | run 10/10]  9737/190673 iterations | minimum: -38.17066, distance: 6.24934
[ refine best | run 1/2]  1001/20000 iterations | minimum: -43.72589 -> -43.72589, distance: 0.69411 -> 0.69411
[ refine best | run 2/2]  2501/20000 iterations | minimum: -43.72589 -> -43.72589, distance: 0.69411 -> 0.69411                                                                                                                                      Optimized in 539.0233 seconds
  Minimum: -43.72589259034171
  At: [0.49777733840276833,4.546161363586139,-0.4811659467713662,-0.6962491313208569,-3.124141288658401,-1.9713974800042304,0.7968771507144982,-1.112392746470832,-0.6168866951079202,-2.181870019266661,-3.0279716524812472,3.320267354515682,1.3640661355471888,1.7695106440884678,-0.8297117078718176,2.649905580721027,-2.8801822278203244,4.443570654975004,-0.1052611194030653,-3.0363486286387307,0.06161516667607003,-1.2689892947439214,-2.704044371406304,-0.8852425544203271,-1.0190719563415644,0.1765958884338473,4.799471800974733,1.2007394326584833,3.257646317047726,-0.2638855850273437,-4.662533998899648,-2.8978785631313424,-1.864511075441087,-3.356095428809713,0.1208827521556972,-0.8773854600775735,-0.08976642531573736,0.9281076528804861,1.2921049756115568,-1.8085515272088666]
  Distance from global minimum: 0.69411

[[Problem 22/24 (GallagherGaussian21HiPeaks) | global minimum is 222.1000]]
[   explore   | run 1/10]  6113/20000 iterations | minimum: 224.69057, distance: 2.59057
[   explore   | run 2/10]  2620/20000 iterations | minimum: 252.32315, distance: 30.22315
[   explore   | run 3/10]  2444/20000 iterations | minimum: 224.69291, distance: 2.59291
[   explore   | run 4/10]  4406/20000 iterations | minimum: 224.69095, distance: 2.59095
[   explore   | run 5/10]  69210/200000 iterations | minimum: 224.69055, distance: 2.59055
[   explore   | run 6/10]  6468/20331 iterations | minimum: 224.69057, distance: 2.59057
[   explore   | run 7/10]  2636/20348 iterations | minimum: 224.69369, distance: 2.59369
[   explore   | run 8/10]  2251/20902 iterations | minimum: 224.69257, distance: 2.59257
[   explore   | run 9/10]  3480/19356 iterations | minimum: 224.69084, distance: 2.59084
[   explore   | run 10/10]  8630/190673 iterations | minimum: 224.69057, distance: 2.59057
[ refine best | run 1/2]  1001/20000 iterations | minimum: 224.69055 -> 224.69055, distance: 2.59055 -> 2.59055
[ refine best | run 2/2]  2501/20000 iterations | minimum: 224.69055 -> 224.69055, distance: 2.59055 -> 2.59055                                                                                                                                      Optimized in 250.3516 seconds
  Minimum: 224.69054785900738
  At: [-1.8350722080921866,-3.0863282608679175,4.868868449440633,-3.1418583974327587,-4.289854544240187,-0.1878133752504113,0.2947977008628941,0.7892517752788435,-0.1850360800564878,3.2738130691138463,0.9591747435967434,0.7135774832217052,0.4729904039869653,1.8711363692665401,-2.5468512132834955,0.12541974782803988,-1.553662848166309,-0.09133941212886926,2.141627228157581,-1.270872024576068,0.8645173091622639,-2.207599880866426,-4.759672545713513,3.631690447961453,-0.2670662112515189,-0.009040688505846856,-2.0553021137321017,1.6482891380463187,-0.906723494601177,3.757006546497957,-2.4140275970704947,-3.881465837126849,2.4286113711778547,2.9286562840477686,3.2237293317323217,-1.1373799476868676,1.1785937102505846,-4.694620708437778,3.829964689793816,4.190616455642788]
  Distance from global minimum: 2.59055

[[Problem 23/24 (Katsuura) | global minimum is -1000.0000]]
[   explore   | run 1/10]  723/20000 iterations | minimum: -999.59486, distance: 0.40514
[   explore   | run 2/10]  3359/20000 iterations | minimum: -997.34964, distance: 2.65036
[   explore   | run 3/10]  2332/20000 iterations | minimum: -998.52792, distance: 1.47208
[   explore   | run 4/10]  3747/20000 iterations | minimum: -999.29167, distance: 0.70833
[   explore   | run 5/10]  3477/200000 iterations | minimum: -998.89129, distance: 1.10871
[   explore   | run 6/10]  1617/20331 iterations | minimum: -999.46821, distance: 0.53179
[   explore   | run 7/10]  2482/20348 iterations | minimum: -998.14625, distance: 1.85375
[   explore   | run 8/10]  1623/20902 iterations | minimum: -998.50877, distance: 1.49123
[   explore   | run 9/10]  2181/19356 iterations | minimum: -999.72324, distance: 0.27676
[   explore   | run 10/10]  3566/190673 iterations | minimum: -999.55241, distance: 0.44759
[ refine best | run 1/2]  1001/20000 iterations | minimum: -999.72324 -> -999.72324, distance: 0.27676 -> 0.27676
[ refine best | run 2/2]  2501/20000 iterations | minimum: -999.72324 -> -999.72324, distance: 0.27676 -> 0.27676
  Optimized in 891.3654 seconds
  Minimum: -999.7232400346837
  At: [-0.5593565053723136,1.1234131437351675,0.5430829614300837,-0.6264482658200525,-0.5195677980074305,0.7648894733667221,-0.6322451397699242,1.3669414174600616,-1.6032530507754723,-0.450540477996321,0.8027244351347713,0.12811583902116966,0.2141712814411344,0.8755463353437593,-0.006429530961313747,0.04048202819536621,-0.004219742110076287,-0.123102837037903,-0.4651092631499041,-1.5133656793679324,1.0859095802254326,0.5050632404675294,0.35851687943501026,-0.8973382502843279,0.9498010192448566,-0.5264851516328021,0.7068480232028036,1.1735160904452997,0.9287894646729117,2.2132336359582636,1.0769276552071907,-1.0129222587113569,2.240799628465953,-2.0385945193763906,-1.829452057978495,1.6906762490284752,1.5445979702809916,0.2603045857191384,-0.10202891452796171,1.6818110655476441]
  Distance from global minimum: 0.27676

[[Problem 24/24 (LunacekBiRastrigin) | global minimum is -1.3300]]
[   explore   | run 1/10]  3539/10000 iterations | minimum: 276.99400, distance: 278.32400
[   explore   | run 2/10]  2258/10000 iterations | minimum: 317.12005, distance: 318.45005
[   explore   | run 3/10]  1139/10000 iterations | minimum: 446.14279, distance: 447.47279
[   explore   | run 4/10]  5033/10000 iterations | minimum: 210.71921, distance: 212.04921
[   explore   | run 5/10]  3381/100000 iterations | minimum: 283.95205, distance: 285.28205
[   explore   | run 6/10]  2584/10298 iterations | minimum: 225.27914, distance: 226.60914
[   explore   | run 7/10]  2523/10313 iterations | minimum: 253.37569, distance: 254.70569
[   explore   | run 8/10]  1656/10812 iterations | minimum: 289.41561, distance: 290.74561
[   explore   | run 9/10]  2727/9421 iterations | minimum: 199.73055, distance: 201.06055
[   explore   | run 10/10]  3047/91606 iterations | minimum: 381.17725, distance: 382.50725
[ refine best | run 1/2]  1001/20000 iterations | minimum: 199.73055 -> 199.73055, distance: 201.06055 -> 201.06055
[ refine best | run 2/2]  2501/20000 iterations | minimum: 199.73055 -> 199.73055, distance: 201.06055 -> 201.06055
  Optimized in 742.9697 seconds
  Minimum: 199.73054728087942
  At: [0.3254776643151404,0.14743231857511188,-0.7299289734831237,-0.47112114012408474,0.5158727872227644,-1.2392422363531346,1.197982609333643,-2.089867930203819,0.0743138420222633,0.4303256581885509,0.750797127376216,1.465094864432857,-0.013200644057505881,-2.002324079614988,-1.1797890001209534,-0.5633996879111406,-1.0475355253844134,-1.1707701743750636,-0.635967100569677,0.19346994288086683,-0.35830719458724475,-0.1617265131818708,-1.6935720960997411,1.5236045990991742,0.27264717658667365,0.46283365249891595,0.7199041177952467,0.5678308591032679,0.402083659408995,-1.3455633524785862,-2.016493685518128,-1.5003894276794079,-0.467551980685462,-1.216155660753979,0.3288274513613447,-0.13086666108106454,-0.3820377144124892,-0.39100237703501006,-1.4219406591567016,1.217168982111723]
  Distance from global minimum: 201.06055


-- Optimized all 24 problems in 10773.5718 seconds. --
